	linux-vdso.so.1 (0x00007ffeceb90000)
	libgcc_s.so.1 => /lib64/libgcc_s.so.1 (0x000014f95e0ff000)
	libpthread.so.0 => /lib64/libpthread.so.0 (0x000014f95dedf000)
	libm.so.6 => /lib64/libm.so.6 (0x000014f95db9e000)
	librt.so.1 => /lib64/librt.so.1 (0x000014f95d996000)
	libamdhip64.so.4 => /opt/rocm-4.5.0/lib/libamdhip64.so.4 (0x000014f95cba5000)
	libmpi_gtl_hsa.so.0 => /opt/cray/pe/lib64/libmpi_gtl_hsa.so.0 (0x000014f95c945000)
	libmpi_cray.so.12 => /opt/cray/pe/lib64/libmpi_cray.so.12 (0x000014f95a3e3000)
	libstdc++.so.6 => /usr/lib64/libstdc++.so.6 (0x000014f95a008000)
	libc.so.6 => /lib64/libc.so.6 (0x000014f959c33000)
	/lib64/ld-linux-x86-64.so.2 (0x000014f95e318000)
	libdl.so.2 => /opt/rocm-4.5.0/lib/../../../lib64/libdl.so.2 (0x000014f959a2f000)
	libamd_comgr.so.2 => /opt/rocm-4.5.0/lib64/libamd_comgr.so.2 (0x000014f952aa3000)
	libhsa-runtime64.so.1 => /opt/rocm-4.5.0/lib/libhsa-runtime64.so.1 (0x000014f9525e8000)
	libnuma.so.1 => /usr/lib64/libnuma.so.1 (0x000014f9523dc000)
	libfabric.so.1 => /opt/cray/libfabric/1.15.0.0/lib64/libfabric.so.1 (0x000014f952111000)
	libatomic.so.1 => /usr/lib64/libatomic.so.1 (0x000014f951f09000)
	libpmi2.so.0 => /opt/cray/pe/lib64/libpmi2.so.0 (0x000014f951cd1000)
	libpmi.so.0 => /opt/cray/pe/lib64/libpmi.so.0 (0x000014f951acf000)
	libquadmath.so.0 => /opt/cray/pe/lib64/cce/libquadmath.so.0 (0x000014f95188f000)
	libmodules.so.1 => /opt/cray/pe/lib64/cce/libmodules.so.1 (0x000014f951673000)
	libfi.so.1 => /opt/cray/pe/lib64/cce/libfi.so.1 (0x000014f950d68000)
	libcraymath.so.1 => /opt/cray/pe/lib64/cce/libcraymath.so.1 (0x000014f950a87000)
	libf.so.1 => /opt/cray/pe/lib64/cce/libf.so.1 (0x000014f9507f3000)
	libu.so.1 => /opt/cray/pe/lib64/cce/libu.so.1 (0x000014f9504de000)
	libcsup.so.1 => /opt/cray/pe/lib64/cce/libcsup.so.1 (0x000014f9502d8000)
	libz.so.1 => /opt/rocm-4.5.0/lib64/../../../lib64/libz.so.1 (0x000014f9500c1000)
	libtinfo.so.6 => /opt/rocm-4.5.0/lib64/../../../lib64/libtinfo.so.6 (0x000014f94fe93000)
	libelf.so.1 => /usr/lib64/libelf.so.1 (0x000014f94fc7b000)
	libdrm.so.2 => /opt/amdgpu/lib64/libdrm.so.2 (0x000014f94fa66000)
	libdrm_amdgpu.so.1 => /opt/amdgpu/lib64/libdrm_amdgpu.so.1 (0x000014f94f85a000)
	libcxi.so.1 => /usr/lib64/libcxi.so.1 (0x000014f94f636000)
	libcurl.so.4 => /usr/lib64/libcurl.so.4 (0x000014f94f3aa000)
	libjson-c.so.3 => /usr/lib64/libjson-c.so.3 (0x000014f94f19a000)
	libpals.so.0 => /opt/cray/pe/lib64/libpals.so.0 (0x000014f94ef96000)
	libgfortran.so.5 => /opt/cray/pe/gcc-libs/libgfortran.so.5 (0x000014f94eaea000)
	libnghttp2.so.14 => /usr/lib64/libnghttp2.so.14 (0x000014f94e8c2000)
	libidn2.so.0 => /usr/lib64/libidn2.so.0 (0x000014f94e6a5000)
	libssh.so.4 => /usr/lib64/libssh.so.4 (0x000014f94e424000)
	libpsl.so.5 => /usr/lib64/libpsl.so.5 (0x000014f94e214000)
	libssl.so.1.1 => /usr/lib64/libssl.so.1.1 (0x000014f94df85000)
	libcrypto.so.1.1 => /usr/lib64/libcrypto.so.1.1 (0x000014f94da9f000)
	libgssapi_krb5.so.2 => /usr/lib64/libgssapi_krb5.so.2 (0x000014f94d853000)
	libldap_r-2.4.so.2 => /usr/lib64/libldap_r-2.4.so.2 (0x000014f94d5ff000)
	liblber-2.4.so.2 => /usr/lib64/liblber-2.4.so.2 (0x000014f94d3f0000)
	libunistring.so.2 => /usr/lib64/libunistring.so.2 (0x000014f94d06d000)
	libkrb5.so.3 => /usr/lib64/libkrb5.so.3 (0x000014f94cd91000)
	libk5crypto.so.3 => /usr/lib64/libk5crypto.so.3 (0x000014f94cb5f000)
	libcom_err.so.2 => /lib64/libcom_err.so.2 (0x000014f94c95b000)
	libkrb5support.so.0 => /usr/lib64/libkrb5support.so.0 (0x000014f94c74e000)
	libresolv.so.2 => /lib64/libresolv.so.2 (0x000014f94c537000)
	libsasl2.so.3 => /usr/lib64/libsasl2.so.3 (0x000014f94c31a000)
	libkeyutils.so.1 => /usr/lib64/libkeyutils.so.1 (0x000014f94c116000)
	libselinux.so.1 => /lib64/libselinux.so.1 (0x000014f94beed000)
	libpcre.so.1 => /usr/lib64/libpcre.so.1 (0x000014f94bc62000)
