	linux-vdso.so.1 (0x00007ffc8392e000)
	libgcc_s.so.1 => /lib64/libgcc_s.so.1 (0x000014f808f9b000)
	libpthread.so.0 => /lib64/libpthread.so.0 (0x000014f808d7b000)
	libm.so.6 => /lib64/libm.so.6 (0x000014f808a3a000)
	librt.so.1 => /lib64/librt.so.1 (0x000014f808832000)
	libamdhip64.so.4 => /opt/rocm-4.5.0/lib/libamdhip64.so.4 (0x000014f807a41000)
	libmpi_gtl_hsa.so.0 => /opt/cray/pe/lib64/libmpi_gtl_hsa.so.0 (0x000014f8077e1000)
	libmpi_cray.so.12 => /opt/cray/pe/lib64/libmpi_cray.so.12 (0x000014f80527f000)
	libstdc++.so.6 => /usr/lib64/libstdc++.so.6 (0x000014f804ea4000)
	libc.so.6 => /lib64/libc.so.6 (0x000014f804acf000)
	/lib64/ld-linux-x86-64.so.2 (0x000014f8091b4000)
	libdl.so.2 => /opt/rocm-4.5.0/lib/../../../lib64/libdl.so.2 (0x000014f8048cb000)
	libamd_comgr.so.2 => /opt/rocm-4.5.0/lib64/libamd_comgr.so.2 (0x000014f7fd93f000)
	libhsa-runtime64.so.1 => /opt/rocm-4.5.0/lib/libhsa-runtime64.so.1 (0x000014f7fd484000)
	libnuma.so.1 => /usr/lib64/libnuma.so.1 (0x000014f7fd278000)
	libfabric.so.1 => /opt/cray/libfabric/1.15.0.0/lib64/libfabric.so.1 (0x000014f7fcfad000)
	libatomic.so.1 => /usr/lib64/libatomic.so.1 (0x000014f7fcda5000)
	libpmi2.so.0 => /opt/cray/pe/lib64/libpmi2.so.0 (0x000014f7fcb6d000)
	libpmi.so.0 => /opt/cray/pe/lib64/libpmi.so.0 (0x000014f7fc96b000)
	libquadmath.so.0 => /opt/cray/pe/lib64/cce/libquadmath.so.0 (0x000014f7fc72b000)
	libmodules.so.1 => /opt/cray/pe/lib64/cce/libmodules.so.1 (0x000014f7fc50f000)
	libfi.so.1 => /opt/cray/pe/lib64/cce/libfi.so.1 (0x000014f7fbc04000)
	libcraymath.so.1 => /opt/cray/pe/lib64/cce/libcraymath.so.1 (0x000014f7fb923000)
	libf.so.1 => /opt/cray/pe/lib64/cce/libf.so.1 (0x000014f7fb68f000)
	libu.so.1 => /opt/cray/pe/lib64/cce/libu.so.1 (0x000014f7fb37a000)
	libcsup.so.1 => /opt/cray/pe/lib64/cce/libcsup.so.1 (0x000014f7fb174000)
	libz.so.1 => /opt/rocm-4.5.0/lib64/../../../lib64/libz.so.1 (0x000014f7faf5d000)
	libtinfo.so.6 => /opt/rocm-4.5.0/lib64/../../../lib64/libtinfo.so.6 (0x000014f7fad2f000)
	libelf.so.1 => /usr/lib64/libelf.so.1 (0x000014f7fab17000)
	libdrm.so.2 => /opt/amdgpu/lib64/libdrm.so.2 (0x000014f7fa902000)
	libdrm_amdgpu.so.1 => /opt/amdgpu/lib64/libdrm_amdgpu.so.1 (0x000014f7fa6f6000)
	libcxi.so.1 => /usr/lib64/libcxi.so.1 (0x000014f7fa4d2000)
	libcurl.so.4 => /usr/lib64/libcurl.so.4 (0x000014f7fa246000)
	libjson-c.so.3 => /usr/lib64/libjson-c.so.3 (0x000014f7fa036000)
	libpals.so.0 => /opt/cray/pe/lib64/libpals.so.0 (0x000014f7f9e32000)
	libgfortran.so.5 => /opt/cray/pe/gcc-libs/libgfortran.so.5 (0x000014f7f9986000)
	libnghttp2.so.14 => /usr/lib64/libnghttp2.so.14 (0x000014f7f975e000)
	libidn2.so.0 => /usr/lib64/libidn2.so.0 (0x000014f7f9541000)
	libssh.so.4 => /usr/lib64/libssh.so.4 (0x000014f7f92c0000)
	libpsl.so.5 => /usr/lib64/libpsl.so.5 (0x000014f7f90b0000)
	libssl.so.1.1 => /usr/lib64/libssl.so.1.1 (0x000014f7f8e21000)
	libcrypto.so.1.1 => /usr/lib64/libcrypto.so.1.1 (0x000014f7f893b000)
	libgssapi_krb5.so.2 => /usr/lib64/libgssapi_krb5.so.2 (0x000014f7f86ef000)
	libldap_r-2.4.so.2 => /usr/lib64/libldap_r-2.4.so.2 (0x000014f7f849b000)
	liblber-2.4.so.2 => /usr/lib64/liblber-2.4.so.2 (0x000014f7f828c000)
	libunistring.so.2 => /usr/lib64/libunistring.so.2 (0x000014f7f7f09000)
	libkrb5.so.3 => /usr/lib64/libkrb5.so.3 (0x000014f7f7c2d000)
	libk5crypto.so.3 => /usr/lib64/libk5crypto.so.3 (0x000014f7f79fb000)
	libcom_err.so.2 => /lib64/libcom_err.so.2 (0x000014f7f77f7000)
	libkrb5support.so.0 => /usr/lib64/libkrb5support.so.0 (0x000014f7f75ea000)
	libresolv.so.2 => /lib64/libresolv.so.2 (0x000014f7f73d3000)
	libsasl2.so.3 => /usr/lib64/libsasl2.so.3 (0x000014f7f71b6000)
	libkeyutils.so.1 => /usr/lib64/libkeyutils.so.1 (0x000014f7f6fb2000)
	libselinux.so.1 => /lib64/libselinux.so.1 (0x000014f7f6d89000)
	libpcre.so.1 => /usr/lib64/libpcre.so.1 (0x000014f7f6afe000)
