	linux-vdso.so.1 (0x00007ffd78bf0000)
	libgcc_s.so.1 => /lib64/libgcc_s.so.1 (0x0000152935bf9000)
	libpthread.so.0 => /lib64/libpthread.so.0 (0x00001529359d9000)
	libm.so.6 => /lib64/libm.so.6 (0x0000152935698000)
	librt.so.1 => /lib64/librt.so.1 (0x0000152935490000)
	libamdhip64.so.4 => /opt/rocm-4.5.0/lib/libamdhip64.so.4 (0x000015293469f000)
	libmpi_gtl_hsa.so.0 => /opt/cray/pe/lib64/libmpi_gtl_hsa.so.0 (0x000015293443f000)
	libmpi_cray.so.12 => /opt/cray/pe/lib64/libmpi_cray.so.12 (0x0000152931edd000)
	libstdc++.so.6 => /usr/lib64/libstdc++.so.6 (0x0000152931b02000)
	libc.so.6 => /lib64/libc.so.6 (0x000015293172d000)
	/lib64/ld-linux-x86-64.so.2 (0x0000152935e12000)
	libdl.so.2 => /opt/rocm-4.5.0/lib/../../../lib64/libdl.so.2 (0x0000152931529000)
	libamd_comgr.so.2 => /opt/rocm-4.5.0/lib64/libamd_comgr.so.2 (0x000015292a59d000)
	libhsa-runtime64.so.1 => /opt/rocm-4.5.0/lib/libhsa-runtime64.so.1 (0x000015292a0e2000)
	libnuma.so.1 => /usr/lib64/libnuma.so.1 (0x0000152929ed6000)
	libfabric.so.1 => /opt/cray/libfabric/1.15.0.0/lib64/libfabric.so.1 (0x0000152929c0b000)
	libatomic.so.1 => /usr/lib64/libatomic.so.1 (0x0000152929a03000)
	libpmi2.so.0 => /opt/cray/pe/lib64/libpmi2.so.0 (0x00001529297cb000)
	libpmi.so.0 => /opt/cray/pe/lib64/libpmi.so.0 (0x00001529295c9000)
	libquadmath.so.0 => /opt/cray/pe/lib64/cce/libquadmath.so.0 (0x0000152929389000)
	libmodules.so.1 => /opt/cray/pe/lib64/cce/libmodules.so.1 (0x000015292916d000)
	libfi.so.1 => /opt/cray/pe/lib64/cce/libfi.so.1 (0x0000152928862000)
	libcraymath.so.1 => /opt/cray/pe/lib64/cce/libcraymath.so.1 (0x0000152928581000)
	libf.so.1 => /opt/cray/pe/lib64/cce/libf.so.1 (0x00001529282ed000)
	libu.so.1 => /opt/cray/pe/lib64/cce/libu.so.1 (0x0000152927fd8000)
	libcsup.so.1 => /opt/cray/pe/lib64/cce/libcsup.so.1 (0x0000152927dd2000)
	libz.so.1 => /opt/rocm-4.5.0/lib64/../../../lib64/libz.so.1 (0x0000152927bbb000)
	libtinfo.so.6 => /opt/rocm-4.5.0/lib64/../../../lib64/libtinfo.so.6 (0x000015292798d000)
	libelf.so.1 => /usr/lib64/libelf.so.1 (0x0000152927775000)
	libdrm.so.2 => /opt/amdgpu/lib64/libdrm.so.2 (0x0000152927560000)
	libdrm_amdgpu.so.1 => /opt/amdgpu/lib64/libdrm_amdgpu.so.1 (0x0000152927354000)
	libcxi.so.1 => /usr/lib64/libcxi.so.1 (0x0000152927130000)
	libcurl.so.4 => /usr/lib64/libcurl.so.4 (0x0000152926ea4000)
	libjson-c.so.3 => /usr/lib64/libjson-c.so.3 (0x0000152926c94000)
	libpals.so.0 => /opt/cray/pe/lib64/libpals.so.0 (0x0000152926a90000)
	libgfortran.so.5 => /opt/cray/pe/gcc-libs/libgfortran.so.5 (0x00001529265e4000)
	libnghttp2.so.14 => /usr/lib64/libnghttp2.so.14 (0x00001529263bc000)
	libidn2.so.0 => /usr/lib64/libidn2.so.0 (0x000015292619f000)
	libssh.so.4 => /usr/lib64/libssh.so.4 (0x0000152925f1e000)
	libpsl.so.5 => /usr/lib64/libpsl.so.5 (0x0000152925d0e000)
	libssl.so.1.1 => /usr/lib64/libssl.so.1.1 (0x0000152925a7f000)
	libcrypto.so.1.1 => /usr/lib64/libcrypto.so.1.1 (0x0000152925599000)
	libgssapi_krb5.so.2 => /usr/lib64/libgssapi_krb5.so.2 (0x000015292534d000)
	libldap_r-2.4.so.2 => /usr/lib64/libldap_r-2.4.so.2 (0x00001529250f9000)
	liblber-2.4.so.2 => /usr/lib64/liblber-2.4.so.2 (0x0000152924eea000)
	libunistring.so.2 => /usr/lib64/libunistring.so.2 (0x0000152924b67000)
	libkrb5.so.3 => /usr/lib64/libkrb5.so.3 (0x000015292488b000)
	libk5crypto.so.3 => /usr/lib64/libk5crypto.so.3 (0x0000152924659000)
	libcom_err.so.2 => /lib64/libcom_err.so.2 (0x0000152924455000)
	libkrb5support.so.0 => /usr/lib64/libkrb5support.so.0 (0x0000152924248000)
	libresolv.so.2 => /lib64/libresolv.so.2 (0x0000152924031000)
	libsasl2.so.3 => /usr/lib64/libsasl2.so.3 (0x0000152923e14000)
	libkeyutils.so.1 => /usr/lib64/libkeyutils.so.1 (0x0000152923c10000)
	libselinux.so.1 => /lib64/libselinux.so.1 (0x00001529239e7000)
	libpcre.so.1 => /usr/lib64/libpcre.so.1 (0x000015292375c000)
