__LMOD_REF_COUNT_PE_LIBSCI_REQUIRED_PRODUCTS=PE_MPICH:1
__LMOD_REF_COUNT_INCLUDE_PATH_AARCH64=/opt/cray/pe/cce/13.0.0/cce/aarch64/include/craylibs:1
ASSEMBLER_AARCH64=/opt/cray/pe/cce/13.0.0/binutils/cross/x86_64-aarch64/aarch64-linux-gnu/bin/as
OLCF_FAMILY_CRAYPE_ACCEL=craype-accel-amd-gfx90a
CRAY_LMOD_MPI=cray-mpich/8.0
SLURM_MPI_TYPE=cray_shasta
LMOD_FAMILY_CRAYPE_NETWORK_VERSION=false
MPICH_GPU_SUPPORT_ENABLED=1
CRAYPE_LINK_TYPE=dynamic
LD_LIBRARY_PATH=/opt/rocm-4.5.0/lib64:/opt/rocm-4.5.0/lib:/sw/frontier/spack-envs/base/opt/linux-sles15-x86_64/gcc-7.5.0/emacs-27.2-g7ttkmjnuierpwazuj3wxbrtqf6nbvfs/lib:/opt/cray/pe/papi/6.0.0.12/lib64:/opt/cray/libfabric/1.15.0.0/lib64
LS_COLORS=no=00:fi=00:di=01;34:ln=00;36:pi=40;33:so=01;35:do=01;35:bd=40;33;01:cd=40;33;01:or=41;33;01:ex=00;32:*.cmd=00;32:*.exe=01;32:*.com=01;32:*.bat=01;32:*.btm=01;32:*.dll=01;32:*.tar=00;31:*.tbz=00;31:*.tgz=00;31:*.rpm=00;31:*.deb=00;31:*.arj=00;31:*.taz=00;31:*.lzh=00;31:*.lzma=00;31:*.zip=00;31:*.zoo=00;31:*.z=00;31:*.Z=00;31:*.gz=00;31:*.bz2=00;31:*.tb2=00;31:*.tz2=00;31:*.tbz2=00;31:*.xz=00;31:*.avi=01;35:*.bmp=01;35:*.dl=01;35:*.fli=01;35:*.gif=01;35:*.gl=01;35:*.jpg=01;35:*.jpeg=01;35:*.mkv=01;35:*.mng=01;35:*.mov=01;35:*.mp4=01;35:*.mpg=01;35:*.pcx=01;35:*.pbm=01;35:*.pgm=01;35:*.png=01;35:*.ppm=01;35:*.svg=01;35:*.tga=01;35:*.tif=01;35:*.webm=01;35:*.webp=01;35:*.wmv=01;35:*.xbm=01;35:*.xcf=01;35:*.xpm=01;35:*.aiff=00;32:*.ape=00;32:*.au=00;32:*.flac=00;32:*.m4a=00;32:*.mid=00;32:*.mp3=00;32:*.mpc=00;32:*.ogg=00;32:*.voc=00;32:*.wav=00;32:*.wma=00;32:*.wv=00;32:
__LMOD_REF_COUNT_PE_CRAYCLANG_FIXED_PKGCONFIG_PATH=/opt/cray/pe/libsci/21.08.1.2/CRAY/9.0/x86_64/lib/pkgconfig:1;/opt/cray/pe/mpich/8.1.12/ofi/crayclang/10.0/lib/pkgconfig:1
HOSTTYPE=x86_64
CRAY_DSMML_ROOTDIR=/opt/cray/pe/dsmml/0.2.2
LMOD_FAMILY_CRAYPE_ACCEL=craype-accel-amd-gfx90a
SLURM_NODEID=0
CRAY_DSMML_DIR=/opt/cray/pe/dsmml/0.2.2/dsmml
SLURM_TASK_PID=56128
__LMOD_REF_COUNT_PATH=/opt/rocm-4.5.0/bin:1;/opt/cray/pe/craype/2.7.13/bin:1;/opt/cray/pe/cce/13.0.0/binutils/x86_64/x86_64-pc-linux-gnu/bin:1;/opt/cray/pe/cce/13.0.0/binutils/cross/x86_64-aarch64/aarch64-linux-gnu/../bin:1;/opt/cray/pe/cce/13.0.0/utils/x86_64/bin:1;/opt/cray/pe/cce/13.0.0/bin:1;/opt/cray/pe/cce/13.0.0/cce-clang/x86_64/bin:1;/sw/frontier/spack-envs/base/opt/linux-sles15-x86_64/gcc-7.5.0/emacs-27.2-g7ttkmjnuierpwazuj3wxbrtqf6nbvfs/bin:1;/opt/cray/pe/perftools/21.12.0/bin:1;/opt/cray/pe/papi/6.0.0.12/bin:1;/opt/cray/libfabric/1.15.0.0/bin:1;/opt/clmgr/sbin:1;/opt/clmgr/bin:1;/opt/sgi/sbin:1;/opt/sgi/bin:1;/ccs/home/loughm/bin:1;/usr/local/bin:1;/usr/bin:1;/bin:2;/opt/bin:1;/opt/c3/bin:1;/usr/lib/mit/bin:1;/opt/puppetlabs/bin:1;/sbin:1;/opt/cray/pe/bin:1
_ModuleTable002_=bE5hbWUiXT0iRGVmQXBwcy9kZWZhdWx0IixbImxvYWRPcmRlciJdPTE2LHByb3BUPXt9LFsic3RhY2tEZXB0aCJdPTEsWyJzdGF0dXMiXT0iYWN0aXZlIixbInVzZXJOYW1lIl09IkRlZkFwcHMiLH0sWyJQcmdFbnYtY3JheSJdPXtbImZuIl09Ii9vcHQvY3JheS9wZS9sbW9kL21vZHVsZWZpbGVzL2NvcmUvUHJnRW52LWNyYXkvOC4yLjAubHVhIixbImZ1bGxOYW1lIl09IlByZ0Vudi1jcmF5LzguMi4wIixbImxvYWRPcmRlciJdPTE1LHByb3BUPXt9LFsic3RhY2tEZXB0aCJdPTAsWyJzdGF0dXMiXT0iYWN0aXZlIixbInVzZXJOYW1lIl09IlByZ0Vudi1jcmF5Iix9LGNjZT17WyJmbiJdPSIvb3B0L2NyYXkvcGUvbG1vZC9tb2R1bGVmaWxlcy9jb3JlL2NjZS8xMy4wLjAubHVh
PE_MPICH_GTL_DIR_amd_gfx90a=-L/opt/cray/pe/mpich/8.1.12/gtl/lib
PE_LIBSCI_OMP_REQUIRES=
SSH_CONNECTION=160.91.202.152 44286 128.219.135.132 22
LESSCLOSE=lessclose.sh %s %s
CRAY_LD_LIBRARY_PATH=/opt/cray/pe/libsci/21.08.1.2/CRAY/9.0/x86_64/lib:/opt/cray/pe/mpich/8.1.12/ofi/crayclang/10.0/lib:/opt/cray/pe/mpich/8.1.12/gtl/lib:/opt/cray/pe/dsmml/0.2.2/dsmml/lib:/opt/cray/pe/cce/13.0.0/cce-clang/x86_64/lib:/opt/cray/pe/cce/13.0.0/cce/x86_64/lib:/opt/cray/pe/pmi/6.0.16/lib:/opt/cray/pe/perftools/21.12.0/lib64
HIP_PLATFORM=amd
SLURM_PRIO_PROCESS=0
XKEYSYMDB=/usr/X11R6/lib/X11/XKeysymDB
PE_ENV=CRAY
LINKER_AARCH64=/opt/cray/pe/cce/13.0.0/binutils/cross/x86_64-aarch64/aarch64-linux-gnu/bin/ld
__LMOD_REF_COUNT_PE_DSMML_PKGCONFIG_LIBS=dsmml:1
__LMOD_REF_COUNT_PE_FORTRAN_PKGCONFIG_LIBS=mpichf90:1
LMOD_FAMILY_CRAYPE_CPU=craype-x86-trento
CRAYPAT_LD_LIBRARY_PATH=/opt/cray/pe/gcc-libs:/opt/cray/gcc-libs:/opt/cray/pe/perftools/21.12.0/lib64
CRAY_LMOD_COMPILER=crayclang/10.0
FTN_X86_64=/opt/cray/pe/cce/13.0.0/cce/x86_64
LMOD_MODULERCFILE=/sw/frontier/lmod/etc/rc.lua
CRAY_DSMML_PREFIX=/opt/cray/pe/dsmml/0.2.2/dsmml
PE_PRODUCT_LIST=CRAY_LIBSCI:CRAYPE:CRAY_PMI:PERFTOOLS:CRAYPAT:CRAY_ACCEL
LMOD_FAMILY_MPI_VERSION=8.1.12
CRAYPAT_ROOT=/opt/cray/pe/perftools/21.12.0
PE_PERFTOOLS_MPICH_LIBDIR=/opt/cray/pe/mpich/8.1.12/ofi/crayclang/10.0/lib
PE_MPICH_GTL_DIR_amd_gfx906=-L/opt/cray/pe/mpich/8.1.12/gtl/lib
PE_LIBSCI_MODULE_NAME=cray-libsci/21.08.1.2
LANG=en_US.UTF-8
PE_LIBSCI_GENCOMPILERS_CRAY_x86_64=9.0
LMOD_SYSTEM_NAME=frontier
CRAY_BINUTILS_ROOT_X86_64=/opt/cray/pe/cce/13.0.0/binutils/x86_64/x86_64-pc-linux-gnu/../
SLURM_SUBMIT_DIR=/autofs/nccs-svm1_home1/loughm/applications/pennant-wk0
PE_MPICH_GTL_DIR_amd_gfx908=-L/opt/cray/pe/mpich/8.1.12/gtl/lib
MEMBERWORK=/gpfs/alpinetds/scratch/loughm
PE_DSMML_MODULE_NAME=cray-dsmml
WINDOWMANAGER=xterm
_ModuleTable008_=cy9jcmF5cGUtdGFyZ2V0cy9kZWZhdWx0L2NyYXlwZS14ODYtdHJlbnRvLmx1YSIsWyJmdWxsTmFtZSJdPSJjcmF5cGUteDg2LXRyZW50byIsWyJsb2FkT3JkZXIiXT0xLHByb3BUPXt9LFsic3RhY2tEZXB0aCJdPTAsWyJzdGF0dXMiXT0iYWN0aXZlIixbInVzZXJOYW1lIl09ImNyYXlwZS14ODYtdHJlbnRvIix9LGVtYWNzPXtbImZuIl09Ii9zdy9mcm9udGllci9zcGFjay1lbnZzL2Jhc2UvbW9kdWxlcy9zcGFjay9saW51eC1zbGVzMTUteDg2XzY0L0NvcmUvZW1hY3MvMjcuMi5sdWEiLFsiZnVsbE5hbWUiXT0iZW1hY3MvMjcuMiIsWyJsb2FkT3JkZXIiXT04LHByb3BUPXt9LFsic3RhY2tEZXB0aCJdPTAsWyJzdGF0dXMiXT0iYWN0aXZlIixbInVzZXJOYW1lIl09ImVtYWNz
LESS=-M -I -R
PE_MPICH_GTL_LIBS_nvidia70=-lmpi_gtl_cuda
JAVA_ROOT=/usr/lib64/jvm/java
LMOD_FAMILY_COMPILER_VERSION=13.0.0
HIP_DEVICE_LIB_PATH=/opt/rocm-4.5.0/amdgcn/bitcode
HOSTNAME=frontier07306
LMOD_SYSTEM_DEFAULT_MODULES=craype-x86-trento:craype-network-ofi:perftools-base:xpmem:cray-pmi:cray-pmi-lib:PrgEnv-cray:DefApps
HIP_CLANG_PATH=/opt/rocm-4.5.0/llvm/bin
OLDPWD=/ccs/home/loughm/applications/pennant-package-feb2022
__LMOD_REF_COUNT__LMFILES_=/opt/cray/pe/lmod/modulefiles/craype-targets/default/craype-x86-trento.lua:1;/opt/cray/modulefiles/libfabric/1.15.0.0:1;/opt/cray/pe/lmod/modulefiles/craype-targets/default/craype-network-ofi.lua:1;/opt/cray/pe/lmod/modulefiles/core/perftools-base/21.12.0.lua:1;/opt/cray/modulefiles/xpmem/2.3.2-2.2_6.4__g93dd7ee.shasta:1;/opt/cray/pe/lmod/modulefiles/core/cray-pmi/6.0.16.lua:1;/opt/cray/pe/lmod/modulefiles/core/cray-pmi-lib/6.0.16.lua:1;/sw/frontier/spack-envs/base/modules/spack/linux-sles15-x86_64/Core/emacs/27.2.lua:1;/opt/cray/pe/lmod/modulefiles/craype-targets/default/craype-accel-amd-gfx90a.lua:1;/opt/cray/pe/lmod/modulefiles/core/cce/13.0.0.lua:1;/opt/cray/pe/lmod/modulefiles/core/craype/2.7.13.lua:1;/opt/cray/pe/lmod/modulefiles/core/cray-dsmml/0.2.2.lua:1;/opt/cray/pe/lmod/modulefiles/comnet/crayclang/10.0/ofi/1.0/cray-mpich/8.1.12.lua:1;/opt/cray/pe/lmod/modulefiles/core/cray-libsci/21.08.1.2.lua:1;/sw/frontier/modulefiles/DefApps/default.lua:1;/opt/cray/pe/lmod/modulefiles/core/PrgEnv-cray/8.2.0.lua:1;/sw/frontier/modulefiles/rocm/4.5.0.lua:1
ROCMINFO_PATH=/opt/rocm-4.5.0
CSHEDIT=emacs
ENVIRONMENT=BATCH
TEST=/autofs/nccs-svm1_home1/loughm/applications/pennant-wk0/test/sedovflatx16/sedovflatx16.pnt
GPG_TTY=/dev/pts/17
LESS_ADVANCED_PREPROCESSOR=no
COLORTERM=1
__LMOD_REF_COUNT_XDG_DATA_DIRS=/sw/frontier/spack-envs/base/opt/linux-sles15-x86_64/gcc-7.5.0/gtkplus-3.24.29-ggbveuu4rkujbqmg2xjgrlgyh6fpkknr/share:1;/sw/frontier/spack-envs/base/opt/linux-sles15-x86_64/gcc-7.5.0/librsvg-2.51.0-rj5a4ieg3ohsfiwgjfm6emgb32whivru/share:1;/sw/frontier/spack-envs/base/opt/linux-sles15-x86_64/gcc-7.5.0/pango-1.42.0-jgcsdoo64eyv3ghlteygxlv4vls2jv46/share:1;/sw/frontier/spack-envs/base/opt/linux-sles15-x86_64/gcc-7.5.0/gdk-pixbuf-2.42.2-gau3rsfnlxiynlj5kcqhwy3abtfznfp2/share:1;/sw/frontier/spack-envs/base/opt/linux-sles15-x86_64/gcc-7.5.0/shared-mime-info-1.9-5eh3sccaccytwtj5r5umz63tsvjykdlr/share:1;/sw/frontier/spack-envs/base/opt/linux-sles15-x86_64/gcc-7.5.0/atk-2.36.0-beagkza6p54ppfre2aiugqpq3lnieunf/share:1;/sw/frontier/spack-envs/base/opt/linux-sles15-x86_64/gcc-7.5.0/gobject-introspection-1.56.1-miphvwwmarjdhvvnxga2ld6lqw3vnwkb/share:1;/usr/share:1
GCC_X86_64=/opt/cray/pe/gcc/8.1.0/snos
ASSEMBLER_X86_64=/opt/cray/pe/cce/13.0.0/binutils/x86_64/x86_64-pc-linux-gnu/bin/as
MPICH_GPU_IPC_THRESHOLD=8192
_ModuleTable007_=cFQ9e30sWyJzdGFja0RlcHRoIl09MCxbInN0YXR1cyJdPSJhY3RpdmUiLFsidXNlck5hbWUiXT0iY3JheXBlLWFjY2VsLWFtZC1nZng5MGEiLH0sWyJjcmF5cGUtbmV0d29yay1vZmkiXT17WyJmbiJdPSIvb3B0L2NyYXkvcGUvbG1vZC9tb2R1bGVmaWxlcy9jcmF5cGUtdGFyZ2V0cy9kZWZhdWx0L2NyYXlwZS1uZXR3b3JrLW9maS5sdWEiLFsiZnVsbE5hbWUiXT0iY3JheXBlLW5ldHdvcmstb2ZpIixbImxvYWRPcmRlciJdPTMscHJvcFQ9e30sWyJzdGFja0RlcHRoIl09MCxbInN0YXR1cyJdPSJhY3RpdmUiLFsidXNlck5hbWUiXT0iY3JheXBlLW5ldHdvcmstb2ZpIix9LFsiY3JheXBlLXg4Ni10cmVudG8iXT17WyJmbiJdPSIvb3B0L2NyYXkvcGUvbG1vZC9tb2R1bGVmaWxl
CRAY_PERFTOOLS_VERSION=21.12.0
ROCR_VISIBLE_DEVICES=0,1,2,3,4,5,6,7
ROCM_PATH=/opt/rocm-4.5.0
__LMOD_REF_COUNT_NLSPATH=/opt/cray/pe/cce/13.0.0/cce/x86_64/share/nls/En/%N.cat:1
LMOD_FAMILY_CRAYPE_NETWORK=craype-network-ofi
JAVA_HOME=/usr/lib64/jvm/java
COMPILERRT_PATH_X86_64=/opt/cray/pe/cce/13.0.0/cce-clang/x86_64/lib/clang/13.0.0/lib/linux
LMOD_FAMILY_CRAYPE_VERSION=2.7.13
PE_XPMEM_PKGCONFIG_LIBS=cray-xpmem
SLURM_PROCID=0
APP2_STATE=21.12.0
LINKER_X86_64=/opt/cray/pe/cce/13.0.0/binutils/x86_64/x86_64-pc-linux-gnu/bin/ld
SLURM_JOB_GID=29168
MACHTYPE=x86_64-suse-linux
PE_LIBSCI_FIXED_PRGENV=CRAYCLANG
__LMOD_REF_COUNT_LD_LIBRARY_PATH=/opt/rocm-4.5.0/lib64:1;/opt/rocm-4.5.0/lib:1;/sw/frontier/spack-envs/base/opt/linux-sles15-x86_64/gcc-7.5.0/emacs-27.2-g7ttkmjnuierpwazuj3wxbrtqf6nbvfs/lib:1;/opt/cray/pe/papi/6.0.0.12/lib64:1;/opt/cray/libfabric/1.15.0.0/lib64:1
__LMOD_REF_COUNT_PKG_CONFIG_PATH=/opt/cray/pe/dsmml/0.2.2/dsmml/lib/pkgconfig:1;/opt/cray/pe/craype/2.7.13/pkg-config:1;/opt/cray/pe/pmi/6.0.16/lib/pkgconfig:1;/opt/cray/libfabric/1.15.0.0/lib64/pkgconfig:1
EXE=/autofs/nccs-svm1_home1/loughm/applications/pennant-wk0/pennant-hip/build/pennant
SLURMD_NODENAME=frontier07306
PE_PKGCONFIG_PRODUCTS=PE_LIBSCI:PE_MPICH:PE_DSMML:PE_PMI:PE_XPMEM
CRAY_MPICH_BASEDIR=/opt/cray/pe/mpich/8.1.12/ofi
PE_MPICH_GTL_DIR_nvidia80=-L/opt/cray/pe/mpich/8.1.12/gtl/lib
_ModuleTable004_=c2NpLzIxLjA4LjEuMi5sdWEiLFsiZnVsbE5hbWUiXT0iY3JheS1saWJzY2kvMjEuMDguMS4yIixbImxvYWRPcmRlciJdPTE0LHByb3BUPXt9LFsic3RhY2tEZXB0aCJdPTEsWyJzdGF0dXMiXT0iYWN0aXZlIixbInVzZXJOYW1lIl09ImNyYXktbGlic2NpIix9LFsiY3JheS1tcGljaCJdPXtbImZuIl09Ii9vcHQvY3JheS9wZS9sbW9kL21vZHVsZWZpbGVzL2NvbW5ldC9jcmF5Y2xhbmcvMTAuMC9vZmkvMS4wL2NyYXktbXBpY2gvOC4xLjEyLmx1YSIsWyJmdWxsTmFtZSJdPSJjcmF5LW1waWNoLzguMS4xMiIsWyJsb2FkT3JkZXIiXT0xMyxwcm9wVD17fSxbInN0YWNrRGVwdGgiXT0xLFsic3RhdHVzIl09ImFjdGl2ZSIsWyJ1c2VyTmFtZSJdPSJjcmF5LW1waWNoIix9LFsiY3Jh
PE_LIBSCI_GENCOMPILERS_GNU_x86_64=9.1
MINICOM=-c on
SLURM_TASKS_PER_NODE=29,1(x3)
PAT_BUILD_PAPI_LIBDIR=/opt/cray/pe/papi/6.0.0.12/lib64
MPICH_OFI_VERBOSE=1
C3_RSH=ssh -oConnectTimeout=10 -oForwardX11=no
PE_MPICH_PKGCONFIG_VARIABLES=PE_MPICH_GTL_DIR_@accelerator@:PE_MPICH_GTL_LIBS_@accelerator@
PE_MPICH_PKGCONFIG_LIBS=mpich
QT_SYSTEM_DIR=/usr/share/desktop-data
OSTYPE=linux
PE_LEVEL=13.0
OLCF_FAMILY_CRAYPE=craype
XDG_SESSION_ID=29
__LMOD_REF_COUNT_INCLUDE_PATH_X86_64=/opt/cray/pe/cce/13.0.0/cce-clang/x86_64/lib/clang/13.0.0/include:1;/opt/cray/pe/cce/13.0.0/cce/x86_64/include/craylibs:1
CRAY_DSMML_VER=0.2.2
SLURM_NNODES=4
USER=loughm
PAGER=less
RFE_811452_DISABLE=1
CRAY_CXX_IPA_LIBS_AARCH64=/opt/cray/pe/cce/13.0.0/cce/aarch64/lib/libcray-c++-rts.a
LMOD_FAMILY_PRGENV_VERSION=8.2.0
OLCF_FAMILY_CRAYPE_NETWORK_VERSION=false
OLCF_ROCM_ROOT=/opt/rocm-4.5.0
_ModuleTable012_=bW5ldC9jcmF5Y2xhbmcvMTAuMC9vZmkvMS4wIiwiL29wdC9jcmF5L3BlL2xtb2QvbW9kdWxlZmlsZXMvY29tcGlsZXIvY3JheWNsYW5nLzEwLjAiLCIvb3B0L2NyYXkvcGUvbG1vZC9tb2R1bGVmaWxlcy9taXhfY29tcGlsZXJzIiwiL29wdC9jcmF5L3BlL2xtb2QvbW9kdWxlZmlsZXMvcGVyZnRvb2xzLzIxLjEyLjAiLCIvb3B0L2NyYXkvcGUvbG1vZC9tb2R1bGVmaWxlcy9uZXQvb2ZpLzEuMCIsIi9vcHQvY3JheS9wZS9sbW9kL21vZHVsZWZpbGVzL2NwdS94ODYtdHJlbnRvLzEuMCIsIi91c3Ivc2hhcmUvbW9kdWxlZmlsZXMvTGludXgiLCIvdXNyL3NoYXJlL21vZHVsZWZpbGVzL0NvcmUiLCIvdXNyL3NoYXJlL2xtb2QvbG1vZC9tb2R1bGVmaWxlcy9Db3JlIiwiL29wdC9j
CRAY_CPU_TARGET=x86-trento
PE_LIBSCI_VOLATILE_PRGENV=AMD CRAY GNU
SLURM_NTASKS_PER_NODE=8
PKGCONFIG_ENABLED=1
__LMOD_REF_COUNT_MODULEPATH=/sw/frontier/spack-envs/base/modules/spack/cray-sles15-x86_64/cray-mpich/8.1.12-zbxibzw/cce/13.0.0:1;/sw/frontier/spack-envs/base/modules/spack/cray-sles15-x86_64/cce/13.0.0:1;/sw/frontier/spack-envs/base/modules/spack/linux-sles15-x86_64/Core:1;/opt/cray/pe/lmod/modulefiles/mpi/crayclang/10.0/ofi/1.0/cray-mpich/8.0:1;/opt/cray/pe/lmod/modulefiles/comnet/crayclang/10.0/ofi/1.0:1;/opt/cray/pe/lmod/modulefiles/compiler/crayclang/10.0:1;/opt/cray/pe/lmod/modulefiles/mix_compilers:1;/opt/cray/pe/lmod/modulefiles/perftools/21.12.0:1;/opt/cray/pe/lmod/modulefiles/net/ofi/1.0:1;/opt/cray/pe/lmod/modulefiles/cpu/x86-trento/1.0:1;/usr/share/modulefiles/Linux:1;/usr/share/modulefiles/Core:1;/usr/share/lmod/lmod/modulefiles/Core:1;/opt/cray/pe/lmod/modulefiles/core:1;/opt/cray/pe/lmod/modulefiles/craype-targets/default:1;/sw/frontier/modulefiles:1;/opt/cray/modulefiles:1;/opt/modulefiles:1
MORE=-sl
CRAY_PERFTOOLS_PREFIX=/opt/cray/pe/perftools/21.12.0
PE_FORTRAN_PKGCONFIG_LIBS=mpichf90
__LMOD_REF_COUNT_LOADEDMODULES=craype-x86-trento:1;libfabric/1.15.0.0:1;craype-network-ofi:1;perftools-base/21.12.0:1;xpmem/2.3.2-2.2_6.4__g93dd7ee.shasta:1;cray-pmi/6.0.16:1;cray-pmi-lib/6.0.16:1;emacs/27.2:1;craype-accel-amd-gfx90a:1;cce/13.0.0:1;craype/2.7.13:1;cray-dsmml/0.2.2:1;cray-mpich/8.1.12:1;cray-libsci/21.08.1.2:1;DefApps/default:1;PrgEnv-cray/8.2.0:1;rocm/4.5.0:1
__LMOD_REF_COUNT_CRAY_LD_LIBRARY_PATH=/opt/cray/pe/libsci/21.08.1.2/CRAY/9.0/x86_64/lib:2;/opt/cray/pe/mpich/8.1.12/ofi/crayclang/10.0/lib:1;/opt/cray/pe/mpich/8.1.12/gtl/lib:1;/opt/cray/pe/dsmml/0.2.2/dsmml/lib:1;/opt/cray/pe/cce/13.0.0/cce-clang/x86_64/lib:1;/opt/cray/pe/cce/13.0.0/cce/x86_64/lib:1;/opt/cray/pe/pmi/6.0.16/lib:1;/opt/cray/pe/perftools/21.12.0/lib64:1
CRAY_CXX_IPA_LIBS=/opt/cray/pe/cce/13.0.0/cce/x86_64/lib/libcray-c++-rts.a
OLCF_FAMILY_MPI_VERSION=8.1.12
CRAY_LIBSCI_BASE_DIR=/opt/cray/pe/libsci/21.08.1.2
PWD=/ccs/home/loughm/applications/pennant-wk0
OLCF_FAMILY_COMPILER_VERSION=13.0.0
PE_MPICH_GTL_DIR_nvidia70=-L/opt/cray/pe/mpich/8.1.12/gtl/lib
CRAY_TCMALLOC_MEMFS_FORCE=1
SLURM_JOB_NODELIST=frontier[07306,07308-07310]
HOME=/ccs/home/loughm
OLCF_FAMILY_CRAYPE_CPU=craype-x86-trento
SLURM_CLUSTER_NAME=frontier
CRAY_PMI_INCLUDE_OPTS=-I/opt/cray/pe/pmi/6.0.16/include
CRAYLIBS_AARCH64=/opt/cray/pe/cce/13.0.0/cce/aarch64/lib
CRAY_ACCEL_VENDOR=amd
PELOCAL_PRGENV=true
CMAKE_PREFIX_PATH=/opt/rocm-4.5.0/hip:/opt/rocm-4.5.0:/sw/frontier/spack-envs/base/opt/linux-sles15-x86_64/gcc-7.5.0/emacs-27.2-g7ttkmjnuierpwazuj3wxbrtqf6nbvfs
PE_LIBSCI_REQUIRED_PRODUCTS=PE_MPICH
SLURM_NODELIST=frontier[07306,07308-07310]
PE_LIBSCI_GENCOMPS_AMD_x86_64=40
SLURM_GPUS_ON_NODE=8
HOST=login02
TEST_CASE=sedovflatx16
__LMOD_REF_COUNT_PE_PMI_PKGCONFIG_LIBS=cray-pmi:1
SSH_CLIENT=160.91.202.152 44286 22
LMOD_VERSION=8.3.1
XNLSPATH=/usr/share/X11/nls
OLCF_EMACS_ROOT=/sw/frontier/spack-envs/base/opt/linux-sles15-x86_64/gcc-7.5.0/emacs-27.2-g7ttkmjnuierpwazuj3wxbrtqf6nbvfs
PE_MPICH_FORTRAN_PKGCONFIG_LIBS=mpichf90
SLURM_NTASKS=32
PE_LIBSCI_PKGCONFIG_LIBS=libsci_mpi:libsci
NODES=4
XDG_SESSION_TYPE=tty
SDK_HOME=/usr/lib64/jvm/java
CRAY_LMOD_CPU=x86-trento/1.0
PE_MPICH_GTL_LIBS_nvidia80=-lmpi_gtl_cuda
PE_LIBSCI_OMP_REQUIRES_openmp=_mp
LMOD_FAMILY_CRAYPE_CPU_VERSION=false
SLURM_JOB_CPUS_PER_NODE=64(x4)
BASH_ENV=/usr/share/lmod/lmod/init/bash
CRAYLIBS_X86_64=/opt/cray/pe/cce/13.0.0/cce/x86_64/lib
XDG_DATA_DIRS=/sw/frontier/spack-envs/base/opt/linux-sles15-x86_64/gcc-7.5.0/gtkplus-3.24.29-ggbveuu4rkujbqmg2xjgrlgyh6fpkknr/share:/sw/frontier/spack-envs/base/opt/linux-sles15-x86_64/gcc-7.5.0/librsvg-2.51.0-rj5a4ieg3ohsfiwgjfm6emgb32whivru/share:/sw/frontier/spack-envs/base/opt/linux-sles15-x86_64/gcc-7.5.0/pango-1.42.0-jgcsdoo64eyv3ghlteygxlv4vls2jv46/share:/sw/frontier/spack-envs/base/opt/linux-sles15-x86_64/gcc-7.5.0/gdk-pixbuf-2.42.2-gau3rsfnlxiynlj5kcqhwy3abtfznfp2/share:/sw/frontier/spack-envs/base/opt/linux-sles15-x86_64/gcc-7.5.0/shared-mime-info-1.9-5eh3sccaccytwtj5r5umz63tsvjykdlr/share:/sw/frontier/spack-envs/base/opt/linux-sles15-x86_64/gcc-7.5.0/atk-2.36.0-beagkza6p54ppfre2aiugqpq3lnieunf/share:/sw/frontier/spack-envs/base/opt/linux-sles15-x86_64/gcc-7.5.0/gobject-introspection-1.56.1-miphvwwmarjdhvvnxga2ld6lqw3vnwkb/share:/usr/share
GI_TYPELIB_PATH=/sw/frontier/spack-envs/base/opt/linux-sles15-x86_64/gcc-7.5.0/gtkplus-3.24.29-ggbveuu4rkujbqmg2xjgrlgyh6fpkknr/lib/girepository-1.0:/sw/frontier/spack-envs/base/opt/linux-sles15-x86_64/gcc-7.5.0/pango-1.42.0-jgcsdoo64eyv3ghlteygxlv4vls2jv46/lib/girepository-1.0:/sw/frontier/spack-envs/base/opt/linux-sles15-x86_64/gcc-7.5.0/gdk-pixbuf-2.42.2-gau3rsfnlxiynlj5kcqhwy3abtfznfp2/lib/girepository-1.0:/sw/frontier/spack-envs/base/opt/linux-sles15-x86_64/gcc-7.5.0/atk-2.36.0-beagkza6p54ppfre2aiugqpq3lnieunf/lib/girepository-1.0:/sw/frontier/spack-envs/base/opt/linux-sles15-x86_64/gcc-7.5.0/at-spi2-core-2.40.1-elbd2suy6xjguksoyixc2opjn5omftxp/lib/girepository-1.0:/sw/frontier/spack-envs/base/opt/linux-sles15-x86_64/gcc-7.5.0/gobject-introspection-1.56.1-miphvwwmarjdhvvnxga2ld6lqw3vnwkb/lib/girepository-1.0
__LMOD_REF_COUNT_PE_MPICH_FORTRAN_PKGCONFIG_LIBS=mpichf90:1
SLURM_TOPOLOGY_ADDR=root.s2410.frontier07306
SLURM_THREADS_PER_CORE=1
CRAY_BINUTILS_ROOT=/opt/cray/pe/cce/13.0.0/binutils/x86_64/x86_64-pc-linux-gnu/../
CRAY_LMOD_NET=ofi/1.0
__LMOD_REF_COUNT_HIPCC_COMPILE_FLAGS_APPEND=--rocm-path=/opt/rocm-4.5.0:1
PE_PMI_PKGCONFIG_LIBS=cray-pmi
__LMOD_REF_COUNT_PE_PKGCONFIG_PRODUCTS=PE_LIBSCI:1;PE_MPICH:1;PE_DSMML:1;PE_PMI:1;PE_XPMEM:1
PE_MPICH_MODULE_NAME=cray-mpich
__LMOD_REF_COUNT_PE_MPICH_GENCOMPILERS_CRAYCLANG=10.0:1
OLCF_FAMILY_MPI=cray-mpich
NLSPATH=/opt/cray/pe/cce/13.0.0/cce/x86_64/share/nls/En/%N.cat
CRAY_LIBSCI_DIR=/opt/cray/pe/libsci/21.08.1.2
LIBGL_DEBUG=quiet
SLURM_WORKING_CLUSTER=frontier:slurm1:6817:9472:109
LMOD_FAMILY_CRAYPE_ACCEL_VERSION=false
PE_LIBSCI_VOLATILE_PKGCONFIG_PATH=/opt/cray/pe/libsci/21.08.1.2/@PRGENV@/@PE_LIBSCI_GENCOMPS@/@PE_LIBSCI_TARGET@/lib/pkgconfig
JDK_HOME=/usr/lib64/jvm/java
__LMOD_REF_COUNT_PE_MPICH_FIXED_PRGENV=CRAYCLANG:1
OLCF_FAMILY_CRAYPE_VERSION=2.7.13
LIBSCI_VERSION=21.08.1.2
SLURM_JOB_NAME=Pennant
PROFILEREAD=true
TMPDIR=/tmp
HSA_PATH=/opt/rocm-4.5.0
__LMOD_REF_COUNT_GI_TYPELIB_PATH=/sw/frontier/spack-envs/base/opt/linux-sles15-x86_64/gcc-7.5.0/gtkplus-3.24.29-ggbveuu4rkujbqmg2xjgrlgyh6fpkknr/lib/girepository-1.0:1;/sw/frontier/spack-envs/base/opt/linux-sles15-x86_64/gcc-7.5.0/pango-1.42.0-jgcsdoo64eyv3ghlteygxlv4vls2jv46/lib/girepository-1.0:1;/sw/frontier/spack-envs/base/opt/linux-sles15-x86_64/gcc-7.5.0/gdk-pixbuf-2.42.2-gau3rsfnlxiynlj5kcqhwy3abtfznfp2/lib/girepository-1.0:1;/sw/frontier/spack-envs/base/opt/linux-sles15-x86_64/gcc-7.5.0/atk-2.36.0-beagkza6p54ppfre2aiugqpq3lnieunf/lib/girepository-1.0:1;/sw/frontier/spack-envs/base/opt/linux-sles15-x86_64/gcc-7.5.0/at-spi2-core-2.40.1-elbd2suy6xjguksoyixc2opjn5omftxp/lib/girepository-1.0:1;/sw/frontier/spack-envs/base/opt/linux-sles15-x86_64/gcc-7.5.0/gobject-introspection-1.56.1-miphvwwmarjdhvvnxga2ld6lqw3vnwkb/lib/girepository-1.0:1
PERFTOOLS_VERSION=21.12.0
SLURM_JOB_GPUS=0,1,2,3,4,5,6,7
__LMOD_REF_COUNT_CMAKE_PREFIX_PATH=/opt/rocm-4.5.0/hip:1;/opt/rocm-4.5.0:1;/sw/frontier/spack-envs/base/opt/linux-sles15-x86_64/gcc-7.5.0/emacs-27.2-g7ttkmjnuierpwazuj3wxbrtqf6nbvfs:1
CRAY_BINUTILS_VERSION=/opt/cray/pe/cce/13.0.0
CRAY_CCE_CLANGSHARE=/opt/cray/pe/cce/13.0.0/cce-clang/x86_64/share
LMOD_sys=Linux
_ModuleTable010_=ck5hbWUiXT0icGVyZnRvb2xzLWJhc2UiLH0scm9jbT17WyJmbiJdPSIvc3cvZnJvbnRpZXIvbW9kdWxlZmlsZXMvcm9jbS80LjUuMC5sdWEiLFsiZnVsbE5hbWUiXT0icm9jbS80LjUuMCIsWyJsb2FkT3JkZXIiXT0xNyxwcm9wVD17fSxbInN0YWNrRGVwdGgiXT0wLFsic3RhdHVzIl09ImFjdGl2ZSIsWyJ1c2VyTmFtZSJdPSJyb2NtIix9LHhwbWVtPXtbImZuIl09Ii9vcHQvY3JheS9tb2R1bGVmaWxlcy94cG1lbS8yLjMuMi0yLjJfNi40X19nOTNkZDdlZS5zaGFzdGEiLFsiZnVsbE5hbWUiXT0ieHBtZW0vMi4zLjItMi4yXzYuNF9fZzkzZGQ3ZWUuc2hhc3RhIixbImxvYWRPcmRlciJdPTUscHJvcFQ9e30sWyJzdGFja0RlcHRoIl09MCxbInN0YXR1cyJdPSJhY3RpdmUiLFsi
PE_PKGCONFIG_LIBS=libsci_mpi:libsci:mpich:dsmml
CRAY_ACCEL_TARGET=amd_gfx90a
CRAY_PMI_PREFIX=/opt/cray/pe/pmi/6.0.16
SLURM_JOBID=281224
HIPCC_COMPILE_FLAGS_APPEND=--rocm-path=/opt/rocm-4.5.0
_ModuleTable001_=X01vZHVsZVRhYmxlXz17WyJNVHZlcnNpb24iXT0zLFsiY19yZWJ1aWxkVGltZSJdPTcyMDAuMCxbImNfc2hvcnRUaW1lIl09MC45ODY5OTU5MzU0NDAwNixkZXB0aFQ9e30sZmFtaWx5PXtbIlByZ0VudiJdPSJQcmdFbnYtY3JheSIsWyJjb21waWxlciJdPSJjY2UiLFsiY3JheXBlIl09ImNyYXlwZSIsWyJjcmF5cGVfYWNjZWwiXT0iY3JheXBlLWFjY2VsLWFtZC1nZng5MGEiLFsiY3JheXBlX2NwdSJdPSJjcmF5cGUteDg2LXRyZW50byIsWyJjcmF5cGVfbmV0d29yayJdPSJjcmF5cGUtbmV0d29yay1vZmkiLFsibXBpIl09ImNyYXktbXBpY2giLH0sbVQ9e0RlZkFwcHM9e1siZm4iXT0iL3N3L2Zyb250aWVyL21vZHVsZWZpbGVzL0RlZkFwcHMvZGVmYXVsdC5sdWEiLFsiZnVs
SLURM_CONF=/var/spool/slurm/conf-cache/slurm.conf
LOADEDMODULES=craype-x86-trento:libfabric/1.15.0.0:craype-network-ofi:perftools-base/21.12.0:xpmem/2.3.2-2.2_6.4__g93dd7ee.shasta:cray-pmi/6.0.16:cray-pmi-lib/6.0.16:emacs/27.2:craype-accel-amd-gfx90a:cce/13.0.0:craype/2.7.13:cray-dsmml/0.2.2:cray-mpich/8.1.12:cray-libsci/21.08.1.2:DefApps/default:PrgEnv-cray/8.2.0:rocm/4.5.0
OLCF_FAMILY_CRAYPE_CPU_VERSION=false
CRAYPE_NETWORK_TARGET=ofi
INCLUDE_PATH_AARCH64=/opt/cray/pe/cce/13.0.0/cce/aarch64/include/craylibs
CRAY_PE_USE_CLANG=/opt/cray/pe/cce/13.0.0/cce-clang/x86_64/bin/clang
_ModuleTable006_=ZSJdPSJjcmF5LXBtaS1saWIiLH0sY3JheXBlPXtbImZuIl09Ii9vcHQvY3JheS9wZS9sbW9kL21vZHVsZWZpbGVzL2NvcmUvY3JheXBlLzIuNy4xMy5sdWEiLFsiZnVsbE5hbWUiXT0iY3JheXBlLzIuNy4xMyIsWyJsb2FkT3JkZXIiXT0xMSxwcm9wVD17fSxbInN0YWNrRGVwdGgiXT0xLFsic3RhdHVzIl09ImFjdGl2ZSIsWyJ1c2VyTmFtZSJdPSJjcmF5cGUiLH0sWyJjcmF5cGUtYWNjZWwtYW1kLWdmeDkwYSJdPXtbImZuIl09Ii9vcHQvY3JheS9wZS9sbW9kL21vZHVsZWZpbGVzL2NyYXlwZS10YXJnZXRzL2RlZmF1bHQvY3JheXBlLWFjY2VsLWFtZC1nZng5MGEubHVhIixbImZ1bGxOYW1lIl09ImNyYXlwZS1hY2NlbC1hbWQtZ2Z4OTBhIixbImxvYWRPcmRlciJdPTkscHJv
__LMOD_REF_COUNT_MANPATH=/opt/cray/pe/libsci/21.08.1.2/man:1;/opt/cray/pe/man/csmlversion:1;/opt/cray/pe/mpich/8.1.12/ofi/man:1;/opt/cray/pe/mpich/8.1.12/man/mpich:1;/opt/cray/pe/dsmml/0.2.2/dsmml/man:1;/opt/cray/pe/craype/2.7.13/man:1;/opt/cray/pe/cce/13.0.0/cce-clang/x86_64/share/man:1;/opt/cray/pe/cce/13.0.0/man:1;/sw/frontier/spack-envs/base/opt/linux-sles15-x86_64/gcc-7.5.0/emacs-27.2-g7ttkmjnuierpwazuj3wxbrtqf6nbvfs/share/man:1;/opt/cray/pe/pmi/6.0.16/man:1;/opt/cray/pe/perftools/21.12.0/man:1;/opt/cray/pe/papi/6.0.0.12/share/pdoc/man:1;/opt/cray/libfabric/1.15.0.0/share/man:1;/usr/share/lmod/lmod/share/man:1;/usr/local/man:1;/usr/share/man:1;/opt/c3/man:1;/opt/puppetlabs/puppet/share/man:1;/opt/clmgr/man:1;/opt/sgi/share/man:1;/opt/clmgr/share/man:1;/opt/clmgr/lib/cm-cli/man:1
_ModuleTable003_=IixbImZ1bGxOYW1lIl09ImNjZS8xMy4wLjAiLFsibG9hZE9yZGVyIl09MTAscHJvcFQ9e30sWyJzdGFja0RlcHRoIl09MSxbInN0YXR1cyJdPSJhY3RpdmUiLFsidXNlck5hbWUiXT0iY2NlIix9LFsiY3JheS1kc21tbCJdPXtbImZuIl09Ii9vcHQvY3JheS9wZS9sbW9kL21vZHVsZWZpbGVzL2NvcmUvY3JheS1kc21tbC8wLjIuMi5sdWEiLFsiZnVsbE5hbWUiXT0iY3JheS1kc21tbC8wLjIuMiIsWyJsb2FkT3JkZXIiXT0xMixwcm9wVD17fSxbInN0YWNrRGVwdGgiXT0xLFsic3RhdHVzIl09ImFjdGl2ZSIsWyJ1c2VyTmFtZSJdPSJjcmF5LWRzbW1sIix9LFsiY3JheS1saWJzY2kiXT17WyJmbiJdPSIvb3B0L2NyYXkvcGUvbG1vZC9tb2R1bGVmaWxlcy9jb3JlL2NyYXktbGli
GCC_AARCH64=/opt/gcc-cross-aarch64/8.1.0/aarch64
SLURM_NODE_ALIASES=(null)
SLURM_JOB_QOS=normal
LMOD_ROOT=/usr/share/lmod
SLURM_TOPOLOGY_ADDR_PATTERN=switch.switch.node
SSH_TTY=/dev/pts/17
PE_CRAYCLANG_FIXED_PKGCONFIG_PATH=/opt/cray/pe/libsci/21.08.1.2/CRAY/9.0/x86_64/lib/pkgconfig:/opt/cray/pe/mpich/8.1.12/ofi/crayclang/10.0/lib/pkgconfig
FROM_HEADER=
CRAY_MPICH_ROOTDIR=/opt/cray/pe/mpich/8.1.12
_ModuleTable013_=cmF5L3BlL2xtb2QvbW9kdWxlZmlsZXMvY29yZSIsIi9vcHQvY3JheS9wZS9sbW9kL21vZHVsZWZpbGVzL2NyYXlwZS10YXJnZXRzL2RlZmF1bHQiLCIvc3cvZnJvbnRpZXIvbW9kdWxlZmlsZXMiLCIvb3B0L2NyYXkvbW9kdWxlZmlsZXMiLCIvb3B0L21vZHVsZWZpbGVzIix9LFsic3lzdGVtQmFzZU1QQVRIIl09Ii91c3Ivc2hhcmUvbW9kdWxlZmlsZXMvTGludXg6L3Vzci9zaGFyZS9tb2R1bGVmaWxlcy9Db3JlOi91c3Ivc2hhcmUvbG1vZC9sbW9kL21vZHVsZWZpbGVzL0NvcmU6L29wdC9jcmF5L3BlL2xtb2QvbW9kdWxlZmlsZXMvY29yZTovb3B0L2NyYXkvcGUvbG1vZC9tb2R1bGVmaWxlcy9jcmF5cGUtdGFyZ2V0cy9kZWZhdWx0Oi9zdy9mcm9udGllci9tb2R1bGVmaWxl
MAIL=/var/spool/mail/loughm
CRAY_CCE_SHARE=/opt/cray/pe/cce/13.0.0/cce/x86_64/share
SLURM_CPUS_ON_NODE=64
CRAY_BINUTILS_BIN_AARCH64=/opt/cray/pe/cce/13.0.0/binutils/cross/x86_64-aarch64/aarch64-linux-gnu/bin
TEST_DIR=/autofs/nccs-svm1_home1/loughm/applications/pennant-wk0/test
SLURM_JOB_NUM_NODES=4
AMD_DIRECT_DISPATCH=1
LESSKEY=/etc/lesskey.bin
_ModuleTable009_=Iix9LGxpYmZhYnJpYz17WyJmbiJdPSIvb3B0L2NyYXkvbW9kdWxlZmlsZXMvbGliZmFicmljLzEuMTUuMC4wIixbImZ1bGxOYW1lIl09ImxpYmZhYnJpYy8xLjE1LjAuMCIsWyJsb2FkT3JkZXIiXT0yLHByb3BUPXt9LFsic3RhY2tEZXB0aCJdPTEsWyJzdGF0dXMiXT0iYWN0aXZlIixbInVzZXJOYW1lIl09ImxpYmZhYnJpYyIsfSxbInBlcmZ0b29scy1iYXNlIl09e1siZm4iXT0iL29wdC9jcmF5L3BlL2xtb2QvbW9kdWxlZmlsZXMvY29yZS9wZXJmdG9vbHMtYmFzZS8yMS4xMi4wLmx1YSIsWyJmdWxsTmFtZSJdPSJwZXJmdG9vbHMtYmFzZS8yMS4xMi4wIixbImxvYWRPcmRlciJdPTQscHJvcFQ9e30sWyJzdGFja0RlcHRoIl09MCxbInN0YXR1cyJdPSJhY3RpdmUiLFsidXNl
TERM=xterm
SHELL=/bin/bash
MPICH_OFI_NIC_VERBOSE=1
CRAY_MPICH_VER=8.1.12
PE_MPICH_GENCOMPILERS_CRAYCLANG=10.0
LMOD_ADMIN_FILE=/sw/frontier/lmod/etc/admin.list
CRAY_BINUTILS_ROOT_AARCH64=/opt/cray/pe/cce/13.0.0/binutils/cross/x86_64-aarch64/aarch64-linux-gnu/../
XDG_SESSION_CLASS=user
PE_MPICH_FIXED_PRGENV=CRAYCLANG
OLCF_FAMILY_PRGENV_VERSION=8.2.0
LMOD_SITE_NAME=OLCF
PE_LIBSCI_GENCOMPILERS_AMD_x86_64=4.0
LMOD_FAMILY_PRGENV=PrgEnv-cray
SLURM_JOB_UID=16736
_ModuleTable_Sz_=14
CRAY_LIBSCI_VERSION=21.08.1.2
LS_OPTIONS=-N --color=tty -T 0
XCURSOR_THEME=DMZ
SLURM_JOB_PARTITION=batch
MPICH_SMP_SINGLE_COPY_MODE=CMA
CRAY_CXX_IPA_LIBS_X86_64=/opt/cray/pe/cce/13.0.0/cce/x86_64/lib/libcray-c++-rts.a
CRAY_BINUTILS_BIN_X86_64=/opt/cray/pe/cce/13.0.0/binutils/x86_64/bin
LMOD_FAMILY_COMPILER=cce
USE_PCM_DB=2
CC_X86_64=/opt/cray/pe/cce/13.0.0/cce/x86_64
XLOCALEDIR=/usr/share/X11/locale:/sw/frontier/spack-envs/base/opt/linux-sles15-x86_64/gcc-7.5.0/libx11-1.7.0-mlxeyo46fwcfxyjrg2znncrjkrttjcnh/share/X11/locale
CRAY_DSMML_BASEDIR=/opt/cray/pe/dsmml/0.2.2
FORTRAN_SYSTEM_MODULE_NAMES=ftn_lib_definitions
CRAY_XPMEM_POST_LINK_OPTS=-L/opt/cray/xpmem/2.3.2-2.2_6.4__g93dd7ee.shasta/lib64
OUTDIR=output/pennant_R32_sedovflatx16_4nodes.281224
PROJWORK=/gpfs/alpinetds/proj-shared
SLURM_JOB_USER=loughm
CRAY_PE_CCE_VARIANT=CC=Clang:FTN=Classic
PYTHONSTARTUP=/etc/pythonstart
LLVM_PATH=/opt/rocm-4.5.0/llvm
SLURM_NPROCS=32
CRAY_CC_VERSION=13.0.0
SHLVL=3
LANGUAGE=en_US.UTF-8
SLURM_SUBMIT_HOST=login02
CRAY_LIBSCI_PREFIX_DIR=/opt/cray/pe/libsci/21.08.1.2/CRAY/9.0/x86_64
G_FILENAME_ENCODING=@locale,UTF-8,ISO-8859-15,CP1252
SLURM_JOB_ACCOUNT=ven113
HIP_COMPILER=clang
HIP_PATH=/opt/rocm-4.5.0/hip
OUTPUT=pennant.out
CRAY_BINUTILS_BIN=/opt/cray/pe/cce/13.0.0/binutils/x86_64/bin
MANPATH=/opt/cray/pe/libsci/21.08.1.2/man:/opt/cray/pe/man/csmlversion:/opt/cray/pe/mpich/8.1.12/ofi/man:/opt/cray/pe/mpich/8.1.12/man/mpich:/opt/cray/pe/dsmml/0.2.2/dsmml/man:/opt/cray/pe/craype/2.7.13/man:/opt/cray/pe/cce/13.0.0/cce-clang/x86_64/share/man:/opt/cray/pe/cce/13.0.0/man:/sw/frontier/spack-envs/base/opt/linux-sles15-x86_64/gcc-7.5.0/emacs-27.2-g7ttkmjnuierpwazuj3wxbrtqf6nbvfs/share/man:/opt/cray/pe/pmi/6.0.16/man:/opt/cray/pe/perftools/21.12.0/man:/opt/cray/pe/papi/6.0.0.12/share/pdoc/man:/opt/cray/libfabric/1.15.0.0/share/man:/usr/share/lmod/lmod/share/man:/usr/local/man:/usr/share/man:/opt/c3/man:/opt/puppetlabs/puppet/share/man:/opt/clmgr/man:/opt/sgi/share/man:/opt/clmgr/share/man:/opt/clmgr/lib/cm-cli/man
CRAY_FTN_VERSION=13.0.0
CRAY_DSMML_VERSION=0.2.2
RANKS=32
FI_CXI_ATS=0
MPICH_DIR=/opt/cray/pe/mpich/8.1.12/ofi/crayclang/10.0
OSCAR_HOME=/opt/oscar
OLCF_FAMILY_PRGENV=PrgEnv-cray
MODULEPATH=/sw/frontier/spack-envs/base/modules/spack/cray-sles15-x86_64/cray-mpich/8.1.12-zbxibzw/cce/13.0.0:/sw/frontier/spack-envs/base/modules/spack/cray-sles15-x86_64/cce/13.0.0:/sw/frontier/spack-envs/base/modules/spack/linux-sles15-x86_64/Core:/opt/cray/pe/lmod/modulefiles/mpi/crayclang/10.0/ofi/1.0/cray-mpich/8.0:/opt/cray/pe/lmod/modulefiles/comnet/crayclang/10.0/ofi/1.0:/opt/cray/pe/lmod/modulefiles/compiler/crayclang/10.0:/opt/cray/pe/lmod/modulefiles/mix_compilers:/opt/cray/pe/lmod/modulefiles/perftools/21.12.0:/opt/cray/pe/lmod/modulefiles/net/ofi/1.0:/opt/cray/pe/lmod/modulefiles/cpu/x86-trento/1.0:/usr/share/modulefiles/Linux:/usr/share/modulefiles/Core:/usr/share/lmod/lmod/modulefiles/Core:/opt/cray/pe/lmod/modulefiles/core:/opt/cray/pe/lmod/modulefiles/craype-targets/default:/sw/frontier/modulefiles:/opt/cray/modulefiles:/opt/modulefiles
CRAY_MPICH_DIR=/opt/cray/pe/mpich/8.1.12/ofi/crayclang/10.0
SLURM_GTIDS=0
LMOD_FAMILY_CRAYPE=craype
LOGNAME=loughm
DEVICE_LIB_PATH=/opt/rocm-4.5.0/amdgcn/bitcode
__LMOD_REF_COUNT_XLOCALEDIR=/usr/share/X11/locale:1;/sw/frontier/spack-envs/base/opt/linux-sles15-x86_64/gcc-7.5.0/libx11-1.7.0-mlxeyo46fwcfxyjrg2znncrjkrttjcnh/share/X11/locale:1
DBUS_SESSION_BUS_ADDRESS=unix:path=/run/user/16736/bus
CRAY_PMI_VERSION=6.0.16
CRAY_MPICH_VERSION=8.1.12
XDG_RUNTIME_DIR=/run/user/16736
MODULEPATH_ROOT=/usr/share/modulefiles
LMOD_PACKAGE_PATH=/sw/frontier/lmod/libexec
PE_MPICH_GTL_LIBS_amd_gfx906=-lmpi_gtl_hsa
PE_DSMML_PKGCONFIG_LIBS=dsmml
JRE_HOME=/usr/lib64/jvm/java/jre
PE_LIBSCI_PKGCONFIG_VARIABLES=PE_LIBSCI_OMP_REQUIRES_@openmp@:PE_SCI_EXT_LIBPATH:PE_SCI_EXT_LIBNAME
PE_LIBSCI_GENCOMPS_CRAY_x86_64=90
XDG_CONFIG_DIRS=/etc/xdg
PATH=/opt/rocm-4.5.0/bin:/opt/cray/pe/craype/2.7.13/bin:/opt/cray/pe/cce/13.0.0/binutils/x86_64/x86_64-pc-linux-gnu/bin:/opt/cray/pe/cce/13.0.0/binutils/cross/x86_64-aarch64/aarch64-linux-gnu/../bin:/opt/cray/pe/cce/13.0.0/utils/x86_64/bin:/opt/cray/pe/cce/13.0.0/bin:/opt/cray/pe/cce/13.0.0/cce-clang/x86_64/bin:/sw/frontier/spack-envs/base/opt/linux-sles15-x86_64/gcc-7.5.0/emacs-27.2-g7ttkmjnuierpwazuj3wxbrtqf6nbvfs/bin:/opt/cray/pe/perftools/21.12.0/bin:/opt/cray/pe/papi/6.0.0.12/bin:/opt/cray/libfabric/1.15.0.0/bin:/opt/clmgr/sbin:/opt/clmgr/bin:/opt/sgi/sbin:/opt/sgi/bin:/ccs/home/loughm/bin:/usr/local/bin:/usr/bin:/bin:/opt/bin:/opt/c3/bin:/usr/lib/mit/bin:/opt/puppetlabs/bin:/sbin:/opt/cray/pe/bin
PE_MPICH_GTL_LIBS_amd_gfx908=-lmpi_gtl_hsa
_ModuleTable014_=czovb3B0L2NyYXkvbW9kdWxlZmlsZXM6L29wdC9tb2R1bGVmaWxlcyIsfQ==
SLURM_JOB_ID=281224
JAVA_BINDIR=/usr/lib64/jvm/java/bin
__LMOD_REF_COUNT_PE_PRODUCT_LIST=CRAY_LIBSCI:1;CRAYPE:1;CRAY_PMI:1;PERFTOOLS:1;CRAYPAT:1;CRAY_ACCEL:1
__LMOD_REF_COUNT_FORTRAN_SYSTEM_MODULE_NAMES=ftn_lib_definitions:1
_LMFILES_=/opt/cray/pe/lmod/modulefiles/craype-targets/default/craype-x86-trento.lua:/opt/cray/modulefiles/libfabric/1.15.0.0:/opt/cray/pe/lmod/modulefiles/craype-targets/default/craype-network-ofi.lua:/opt/cray/pe/lmod/modulefiles/core/perftools-base/21.12.0.lua:/opt/cray/modulefiles/xpmem/2.3.2-2.2_6.4__g93dd7ee.shasta:/opt/cray/pe/lmod/modulefiles/core/cray-pmi/6.0.16.lua:/opt/cray/pe/lmod/modulefiles/core/cray-pmi-lib/6.0.16.lua:/sw/frontier/spack-envs/base/modules/spack/linux-sles15-x86_64/Core/emacs/27.2.lua:/opt/cray/pe/lmod/modulefiles/craype-targets/default/craype-accel-amd-gfx90a.lua:/opt/cray/pe/lmod/modulefiles/core/cce/13.0.0.lua:/opt/cray/pe/lmod/modulefiles/core/craype/2.7.13.lua:/opt/cray/pe/lmod/modulefiles/core/cray-dsmml/0.2.2.lua:/opt/cray/pe/lmod/modulefiles/comnet/crayclang/10.0/ofi/1.0/cray-mpich/8.1.12.lua:/opt/cray/pe/lmod/modulefiles/core/cray-libsci/21.08.1.2.lua:/sw/frontier/modulefiles/DefApps/default.lua:/opt/cray/pe/lmod/modulefiles/core/PrgEnv-cray/8.2.0.lua:/sw/frontier/modulefiles/rocm/4.5.0.lua
OLCF_FAMILY_COMPILER=cce
MODULESHOME=/usr/share/lmod/lmod
PKG_CONFIG_PATH=/opt/cray/pe/dsmml/0.2.2/dsmml/lib/pkgconfig:/opt/cray/pe/craype/2.7.13/pkg-config:/opt/cray/pe/pmi/6.0.16/lib/pkgconfig:/opt/cray/libfabric/1.15.0.0/lib64/pkgconfig
LMOD_SETTARG_FULL_SUPPORT=no
LIBSCI_BASE_DIR=/opt/cray/pe/libsci/21.08.1.2
G_BROKEN_FILENAMES=1
_ModuleTable011_=dXNlck5hbWUiXT0ieHBtZW0iLH0sfSxtcGF0aEE9eyIvc3cvZnJvbnRpZXIvc3BhY2stZW52cy9iYXNlL21vZHVsZXMvc3BhY2svY3JheS1zbGVzMTUteDg2XzY0L2NyYXktbXBpY2gvOC4xLjEyLXpieGliencvY2NlLzEzLjAuMCIsIi9zdy9mcm9udGllci9zcGFjay1lbnZzL2Jhc2UvbW9kdWxlcy9zcGFjay9jcmF5LXNsZXMxNS14ODZfNjQvY2NlLzEzLjAuMCIsIi9zdy9mcm9udGllci9zcGFjay1lbnZzL2Jhc2UvbW9kdWxlcy9zcGFjay9saW51eC1zbGVzMTUteDg2XzY0L0NvcmUiLCIvb3B0L2NyYXkvcGUvbG1vZC9tb2R1bGVmaWxlcy9tcGkvY3JheWNsYW5nLzEwLjAvb2ZpLzEuMC9jcmF5LW1waWNoLzguMCIsIi9vcHQvY3JheS9wZS9sbW9kL21vZHVsZWZpbGVzL2Nv
PE_MPICH_GTL_LIBS_amd_gfx90a=-lmpi_gtl_hsa
HISTSIZE=1000
CRAYPE_DIR=/opt/cray/pe/craype/2.7.13
LMOD_PKG=/usr/share/lmod/lmod
__LMOD_REF_COUNT_PE_MPICH_PKGCONFIG_LIBS=mpich:1
GTL_HSA_VSMSG_CUTOFF_SIZE=2048
OFFLOAD_INIT=on_start
__LMOD_REF_COUNT_PE_PKGCONFIG_LIBS=libsci_mpi:1;libsci:1;mpich:1;dsmml:1
CPU=x86_64
CRAYPE_VERSION=2.7.13
INCLUDE_PATH_X86_64=/opt/cray/pe/cce/13.0.0/cce-clang/x86_64/lib/clang/13.0.0/include:/opt/cray/pe/cce/13.0.0/cce/x86_64/include/craylibs
OLCF_FAMILY_CRAYPE_NETWORK=craype-network-ofi
OLCF_FAMILY_CRAYPE_ACCEL_VERSION=false
_ModuleTable005_=eS1wbWkiXT17WyJmbiJdPSIvb3B0L2NyYXkvcGUvbG1vZC9tb2R1bGVmaWxlcy9jb3JlL2NyYXktcG1pLzYuMC4xNi5sdWEiLFsiZnVsbE5hbWUiXT0iY3JheS1wbWkvNi4wLjE2IixbImxvYWRPcmRlciJdPTYscHJvcFQ9e30sWyJzdGFja0RlcHRoIl09MCxbInN0YXR1cyJdPSJhY3RpdmUiLFsidXNlck5hbWUiXT0iY3JheS1wbWkiLH0sWyJjcmF5LXBtaS1saWIiXT17WyJmbiJdPSIvb3B0L2NyYXkvcGUvbG1vZC9tb2R1bGVmaWxlcy9jb3JlL2NyYXktcG1pLWxpYi82LjAuMTYubHVhIixbImZ1bGxOYW1lIl09ImNyYXktcG1pLWxpYi82LjAuMTYiLFsibG9hZE9yZGVyIl09Nyxwcm9wVD17fSxbInN0YWNrRGVwdGgiXT0wLFsic3RhdHVzIl09ImFjdGl2ZSIsWyJ1c2VyTmFt
LMOD_CMD=/usr/share/lmod/lmod/libexec/lmod
CRAY_PMI_POST_LINK_OPTS=-L/opt/cray/pe/pmi/6.0.16/lib
WORLDWORK=/gpfs/alpinetds/world-shared
SLURM_LOCALID=0
CRAY_MPICH_PREFIX=/opt/cray/pe/mpich/8.1.12/ofi/crayclang/10.0
OMP_NUM_THREADS=1
LESSOPEN=lessopen.sh %s
CRAYPAT_OPTS_EXECUTABLE=libexec64/opts
CRAY_XPMEM_INCLUDE_OPTS=-I/opt/cray/xpmem/2.3.2-2.2_6.4__g93dd7ee.shasta/include
PE_LIBSCI_GENCOMPS_GNU_x86_64=91
LMOD_DIR=/usr/share/lmod/lmod/libexec
LMOD_FAMILY_MPI=cray-mpich
BASH_FUNC_module%%=() {  eval $($LMOD_CMD bash "$@") && eval $(${LMOD_SETTARG_CMD:-:} -s sh)
}
BASH_FUNC_ml%%=() {  eval $($LMOD_DIR/ml_cmd "$@")
}
_=/usr/bin/env
