	linux-vdso.so.1 (0x00007fffb61ce000)
	libgcc_s.so.1 => /lib64/libgcc_s.so.1 (0x000014b944d1d000)
	libpthread.so.0 => /lib64/libpthread.so.0 (0x000014b944afd000)
	libm.so.6 => /lib64/libm.so.6 (0x000014b9447bc000)
	librt.so.1 => /lib64/librt.so.1 (0x000014b9445b4000)
	libamdhip64.so.4 => /opt/rocm-4.5.0/lib/libamdhip64.so.4 (0x000014b9437c3000)
	libmpi_gtl_hsa.so.0 => /opt/cray/pe/lib64/libmpi_gtl_hsa.so.0 (0x000014b943563000)
	libmpi_cray.so.12 => /opt/cray/pe/lib64/libmpi_cray.so.12 (0x000014b941001000)
	libstdc++.so.6 => /usr/lib64/libstdc++.so.6 (0x000014b940c26000)
	libc.so.6 => /lib64/libc.so.6 (0x000014b940851000)
	/lib64/ld-linux-x86-64.so.2 (0x000014b944f36000)
	libdl.so.2 => /opt/rocm-4.5.0/lib/../../../lib64/libdl.so.2 (0x000014b94064d000)
	libamd_comgr.so.2 => /opt/rocm-4.5.0/lib64/libamd_comgr.so.2 (0x000014b9396c1000)
	libhsa-runtime64.so.1 => /opt/rocm-4.5.0/lib/libhsa-runtime64.so.1 (0x000014b939206000)
	libnuma.so.1 => /usr/lib64/libnuma.so.1 (0x000014b938ffa000)
	libfabric.so.1 => /opt/cray/libfabric/1.15.0.0/lib64/libfabric.so.1 (0x000014b938d2f000)
	libatomic.so.1 => /usr/lib64/libatomic.so.1 (0x000014b938b27000)
	libpmi2.so.0 => /opt/cray/pe/lib64/libpmi2.so.0 (0x000014b9388ef000)
	libpmi.so.0 => /opt/cray/pe/lib64/libpmi.so.0 (0x000014b9386ed000)
	libquadmath.so.0 => /opt/cray/pe/lib64/cce/libquadmath.so.0 (0x000014b9384ad000)
	libmodules.so.1 => /opt/cray/pe/lib64/cce/libmodules.so.1 (0x000014b938291000)
	libfi.so.1 => /opt/cray/pe/lib64/cce/libfi.so.1 (0x000014b937986000)
	libcraymath.so.1 => /opt/cray/pe/lib64/cce/libcraymath.so.1 (0x000014b9376a5000)
	libf.so.1 => /opt/cray/pe/lib64/cce/libf.so.1 (0x000014b937411000)
	libu.so.1 => /opt/cray/pe/lib64/cce/libu.so.1 (0x000014b9370fc000)
	libcsup.so.1 => /opt/cray/pe/lib64/cce/libcsup.so.1 (0x000014b936ef6000)
	libz.so.1 => /opt/rocm-4.5.0/lib64/../../../lib64/libz.so.1 (0x000014b936cdf000)
	libtinfo.so.6 => /opt/rocm-4.5.0/lib64/../../../lib64/libtinfo.so.6 (0x000014b936ab1000)
	libelf.so.1 => /usr/lib64/libelf.so.1 (0x000014b936899000)
	libdrm.so.2 => /opt/amdgpu/lib64/libdrm.so.2 (0x000014b936684000)
	libdrm_amdgpu.so.1 => /opt/amdgpu/lib64/libdrm_amdgpu.so.1 (0x000014b936478000)
	libcxi.so.1 => /usr/lib64/libcxi.so.1 (0x000014b936254000)
	libcurl.so.4 => /usr/lib64/libcurl.so.4 (0x000014b935fc8000)
	libjson-c.so.3 => /usr/lib64/libjson-c.so.3 (0x000014b935db8000)
	libpals.so.0 => /opt/cray/pe/lib64/libpals.so.0 (0x000014b935bb4000)
	libgfortran.so.5 => /opt/cray/pe/gcc-libs/libgfortran.so.5 (0x000014b935708000)
	libnghttp2.so.14 => /usr/lib64/libnghttp2.so.14 (0x000014b9354e0000)
	libidn2.so.0 => /usr/lib64/libidn2.so.0 (0x000014b9352c3000)
	libssh.so.4 => /usr/lib64/libssh.so.4 (0x000014b935042000)
	libpsl.so.5 => /usr/lib64/libpsl.so.5 (0x000014b934e32000)
	libssl.so.1.1 => /usr/lib64/libssl.so.1.1 (0x000014b934ba3000)
	libcrypto.so.1.1 => /usr/lib64/libcrypto.so.1.1 (0x000014b9346bd000)
	libgssapi_krb5.so.2 => /usr/lib64/libgssapi_krb5.so.2 (0x000014b934471000)
	libldap_r-2.4.so.2 => /usr/lib64/libldap_r-2.4.so.2 (0x000014b93421d000)
	liblber-2.4.so.2 => /usr/lib64/liblber-2.4.so.2 (0x000014b93400e000)
	libunistring.so.2 => /usr/lib64/libunistring.so.2 (0x000014b933c8b000)
	libkrb5.so.3 => /usr/lib64/libkrb5.so.3 (0x000014b9339af000)
	libk5crypto.so.3 => /usr/lib64/libk5crypto.so.3 (0x000014b93377d000)
	libcom_err.so.2 => /lib64/libcom_err.so.2 (0x000014b933579000)
	libkrb5support.so.0 => /usr/lib64/libkrb5support.so.0 (0x000014b93336c000)
	libresolv.so.2 => /lib64/libresolv.so.2 (0x000014b933155000)
	libsasl2.so.3 => /usr/lib64/libsasl2.so.3 (0x000014b932f38000)
	libkeyutils.so.1 => /usr/lib64/libkeyutils.so.1 (0x000014b932d34000)
	libselinux.so.1 => /lib64/libselinux.so.1 (0x000014b932b0b000)
	libpcre.so.1 => /usr/lib64/libpcre.so.1 (0x000014b932880000)
