	linux-vdso.so.1 (0x00007ffdd83a5000)
	libgcc_s.so.1 => /lib64/libgcc_s.so.1 (0x000014eeea78a000)
	libpthread.so.0 => /lib64/libpthread.so.0 (0x000014eeea56a000)
	libm.so.6 => /lib64/libm.so.6 (0x000014eeea229000)
	librt.so.1 => /lib64/librt.so.1 (0x000014eeea021000)
	libamdhip64.so.4 => /opt/rocm-4.5.0/lib/libamdhip64.so.4 (0x000014eee9230000)
	libmpi_gtl_hsa.so.0 => /opt/cray/pe/lib64/libmpi_gtl_hsa.so.0 (0x000014eee8fd0000)
	libmpi_cray.so.12 => /opt/cray/pe/lib64/libmpi_cray.so.12 (0x000014eee6a6e000)
	libstdc++.so.6 => /usr/lib64/libstdc++.so.6 (0x000014eee6693000)
	libc.so.6 => /lib64/libc.so.6 (0x000014eee62be000)
	/lib64/ld-linux-x86-64.so.2 (0x000014eeea9a3000)
	libdl.so.2 => /opt/rocm-4.5.0/lib/../../../lib64/libdl.so.2 (0x000014eee60ba000)
	libamd_comgr.so.2 => /opt/rocm-4.5.0/lib64/libamd_comgr.so.2 (0x000014eedf12e000)
	libhsa-runtime64.so.1 => /opt/rocm-4.5.0/lib/libhsa-runtime64.so.1 (0x000014eedec73000)
	libnuma.so.1 => /usr/lib64/libnuma.so.1 (0x000014eedea67000)
	libfabric.so.1 => /opt/cray/libfabric/1.15.0.0/lib64/libfabric.so.1 (0x000014eede79c000)
	libatomic.so.1 => /usr/lib64/libatomic.so.1 (0x000014eede594000)
	libpmi2.so.0 => /opt/cray/pe/lib64/libpmi2.so.0 (0x000014eede35c000)
	libpmi.so.0 => /opt/cray/pe/lib64/libpmi.so.0 (0x000014eede15a000)
	libquadmath.so.0 => /opt/cray/pe/lib64/cce/libquadmath.so.0 (0x000014eeddf1a000)
	libmodules.so.1 => /opt/cray/pe/lib64/cce/libmodules.so.1 (0x000014eeddcfe000)
	libfi.so.1 => /opt/cray/pe/lib64/cce/libfi.so.1 (0x000014eedd3f3000)
	libcraymath.so.1 => /opt/cray/pe/lib64/cce/libcraymath.so.1 (0x000014eedd112000)
	libf.so.1 => /opt/cray/pe/lib64/cce/libf.so.1 (0x000014eedce7e000)
	libu.so.1 => /opt/cray/pe/lib64/cce/libu.so.1 (0x000014eedcb69000)
	libcsup.so.1 => /opt/cray/pe/lib64/cce/libcsup.so.1 (0x000014eedc963000)
	libz.so.1 => /opt/rocm-4.5.0/lib64/../../../lib64/libz.so.1 (0x000014eedc74c000)
	libtinfo.so.6 => /opt/rocm-4.5.0/lib64/../../../lib64/libtinfo.so.6 (0x000014eedc51e000)
	libelf.so.1 => /usr/lib64/libelf.so.1 (0x000014eedc306000)
	libdrm.so.2 => /opt/amdgpu/lib64/libdrm.so.2 (0x000014eedc0f1000)
	libdrm_amdgpu.so.1 => /opt/amdgpu/lib64/libdrm_amdgpu.so.1 (0x000014eedbee5000)
	libcxi.so.1 => /usr/lib64/libcxi.so.1 (0x000014eedbcc1000)
	libcurl.so.4 => /usr/lib64/libcurl.so.4 (0x000014eedba35000)
	libjson-c.so.3 => /usr/lib64/libjson-c.so.3 (0x000014eedb825000)
	libpals.so.0 => /opt/cray/pe/lib64/libpals.so.0 (0x000014eedb621000)
	libgfortran.so.5 => /opt/cray/pe/gcc-libs/libgfortran.so.5 (0x000014eedb175000)
	libnghttp2.so.14 => /usr/lib64/libnghttp2.so.14 (0x000014eedaf4d000)
	libidn2.so.0 => /usr/lib64/libidn2.so.0 (0x000014eedad30000)
	libssh.so.4 => /usr/lib64/libssh.so.4 (0x000014eedaaaf000)
	libpsl.so.5 => /usr/lib64/libpsl.so.5 (0x000014eeda89f000)
	libssl.so.1.1 => /usr/lib64/libssl.so.1.1 (0x000014eeda610000)
	libcrypto.so.1.1 => /usr/lib64/libcrypto.so.1.1 (0x000014eeda12a000)
	libgssapi_krb5.so.2 => /usr/lib64/libgssapi_krb5.so.2 (0x000014eed9ede000)
	libldap_r-2.4.so.2 => /usr/lib64/libldap_r-2.4.so.2 (0x000014eed9c8a000)
	liblber-2.4.so.2 => /usr/lib64/liblber-2.4.so.2 (0x000014eed9a7b000)
	libunistring.so.2 => /usr/lib64/libunistring.so.2 (0x000014eed96f8000)
	libkrb5.so.3 => /usr/lib64/libkrb5.so.3 (0x000014eed941c000)
	libk5crypto.so.3 => /usr/lib64/libk5crypto.so.3 (0x000014eed91ea000)
	libcom_err.so.2 => /lib64/libcom_err.so.2 (0x000014eed8fe6000)
	libkrb5support.so.0 => /usr/lib64/libkrb5support.so.0 (0x000014eed8dd9000)
	libresolv.so.2 => /lib64/libresolv.so.2 (0x000014eed8bc2000)
	libsasl2.so.3 => /usr/lib64/libsasl2.so.3 (0x000014eed89a5000)
	libkeyutils.so.1 => /usr/lib64/libkeyutils.so.1 (0x000014eed87a1000)
	libselinux.so.1 => /lib64/libselinux.so.1 (0x000014eed8578000)
	libpcre.so.1 => /usr/lib64/libpcre.so.1 (0x000014eed82ed000)
