********************
Running PENNANT v0.9
********************

Running on 32 MPI PE(s)
--- Mesh Information ---
Points:  66371521
Zones:  66355200
Sides:  265420800
Edges:  132806400
Side chunks:  259200
Point chunks:  64896
Chunk size:  1024
------------------------
Running Hydro on device...
Energy check:  total energy  =   9.871670e-01
(internal =   9.871670e-01, kinetic =   0.000000e+00)
End cycle      1, time = 1.00000e-07, dt = 1.00000e-07, wall = 4.60982e-03
dt limiter: 
End cycle    100, time = 7.12266e-04, dt = 8.41828e-06, wall = 2.84615e-01
dt limiter: Hydro dV/V limit for z = 391645
End cycle    200, time = 1.59879e-03, dt = 8.60543e-06, wall = 2.61489e-01
dt limiter: Hydro dV/V limit for z = 419875
End cycle    300, time = 2.48635e-03, dt = 9.50407e-06, wall = 2.61453e-01
dt limiter: Hydro dV/V limit for z = 448775
End cycle    400, time = 3.37404e-03, dt = 9.21153e-06, wall = 2.61798e-01
dt limiter: Hydro dV/V limit for z = 479530
End cycle    500, time = 4.26069e-03, dt = 8.61990e-06, wall = 2.61447e-01
dt limiter: Hydro dV/V limit for z = 507785
End cycle    600, time = 5.14705e-03, dt = 8.40949e-06, wall = 2.61291e-01
dt limiter: Hydro dV/V limit for z = 536945
End cycle    700, time = 6.03379e-03, dt = 8.60424e-06, wall = 2.61336e-01
dt limiter: Hydro dV/V limit for z = 565223
End cycle    800, time = 6.92136e-03, dt = 9.49064e-06, wall = 2.61202e-01
dt limiter: Hydro dV/V limit for z = 595127
End cycle    900, time = 7.80905e-03, dt = 9.21828e-06, wall = 2.61496e-01
dt limiter: Hydro dV/V limit for z = 625314
End cycle   1000, time = 8.69571e-03, dt = 8.62305e-06, wall = 2.61356e-01
dt limiter: Hydro dV/V limit for z = 654446
End cycle   1100, time = 9.58206e-03, dt = 8.40962e-06, wall = 2.61677e-01
dt limiter: Hydro dV/V limit for z = 681985
End cycle   1200, time = 1.04688e-02, dt = 8.60067e-06, wall = 2.62356e-01
dt limiter: Hydro dV/V limit for z = 711815
End cycle   1300, time = 1.13563e-02, dt = 9.48018e-06, wall = 2.62675e-01
dt limiter: Hydro dV/V limit for z = 740472
End cycle   1400, time = 1.22440e-02, dt = 9.22310e-06, wall = 2.62853e-01
dt limiter: Hydro dV/V limit for z = 771456
End cycle   1500, time = 1.31307e-02, dt = 8.62598e-06, wall = 2.62999e-01
dt limiter: Hydro dV/V limit for z = 800185
End cycle   1600, time = 1.40170e-02, dt = 8.40990e-06, wall = 2.63047e-01
dt limiter: Hydro dV/V limit for z = 829117
End cycle   1700, time = 1.49037e-02, dt = 8.59599e-06, wall = 2.63054e-01
dt limiter: Hydro dV/V limit for z = 857647
End cycle   1800, time = 1.57913e-02, dt = 9.46554e-06, wall = 2.63046e-01
dt limiter: Hydro dV/V limit for z = 886476
End cycle   1900, time = 1.66790e-02, dt = 9.22965e-06, wall = 2.63104e-01
dt limiter: Hydro dV/V limit for z = 917380
End cycle   2000, time = 1.75656e-02, dt = 8.62997e-06, wall = 2.62952e-01
dt limiter: Hydro dV/V limit for z = 945869
End cycle   2100, time = 1.84519e-02, dt = 8.41033e-06, wall = 2.62935e-01
dt limiter: Hydro dV/V limit for z = 974667
End cycle   2200, time = 1.93386e-02, dt = 8.59043e-06, wall = 2.63718e-01
dt limiter: Hydro dV/V limit for z = 1003534
End cycle   2300, time = 2.02262e-02, dt = 9.44897e-06, wall = 2.64875e-01
dt limiter: Hydro dV/V limit for z = 1032420
End cycle   2400, time = 2.11139e-02, dt = 9.23684e-06, wall = 2.65254e-01
dt limiter: Hydro dV/V limit for z = 1063266
End cycle   2500, time = 2.20006e-02, dt = 8.63412e-06, wall = 2.66184e-01
dt limiter: Hydro dV/V limit for z = 1092176
End cycle   2600, time = 2.28869e-02, dt = 8.41082e-06, wall = 2.66963e-01
dt limiter: Hydro dV/V limit for z = 1120656
End cycle   2700, time = 2.37736e-02, dt = 8.58544e-06, wall = 2.67249e-01
dt limiter: Hydro dV/V limit for z = 1149413
End cycle   2800, time = 2.46611e-02, dt = 9.43483e-06, wall = 2.68324e-01
dt limiter: Hydro dV/V limit for z = 1178300
End cycle   2900, time = 2.55488e-02, dt = 9.24276e-06, wall = 2.68797e-01
dt limiter: Hydro dV/V limit for z = 1208508
End cycle   3000, time = 2.64355e-02, dt = 8.63736e-06, wall = 2.69081e-01
dt limiter: Hydro dV/V limit for z = 1237985
End cycle   3100, time = 2.73218e-02, dt = 8.41121e-06, wall = 2.70220e-01
dt limiter: Hydro dV/V limit for z = 1266553
End cycle   3200, time = 2.82085e-02, dt = 8.58197e-06, wall = 2.71837e-01
dt limiter: Hydro dV/V limit for z = 1295321
End cycle   3300, time = 2.90960e-02, dt = 9.42483e-06, wall = 2.72634e-01
dt limiter: Hydro dV/V limit for z = 1324175
End cycle   3400, time = 2.99838e-02, dt = 9.24741e-06, wall = 2.73166e-01
dt limiter: Hydro dV/V limit for z = 1355503
End cycle   3500, time = 3.08705e-02, dt = 8.64033e-06, wall = 2.72502e-01
dt limiter: Hydro dV/V limit for z = 1383731
End cycle   3600, time = 3.17568e-02, dt = 8.41172e-06, wall = 2.72023e-01
dt limiter: Hydro dV/V limit for z = 1412739
End cycle   3700, time = 3.26436e-02, dt = 8.58516e-06, wall = 2.71009e-01
dt limiter: Hydro dV/V limit for z = 1441509
End cycle   3800, time = 3.35333e-02, dt = 9.49718e-06, wall = 2.71817e-01
dt limiter: Hydro dV/V limit for z = 1470128
End cycle   3900, time = 3.44290e-02, dt = 9.33000e-06, wall = 2.71004e-01
dt limiter: Hydro dV/V limit for z = 1501210
End cycle   4000, time = 3.53316e-02, dt = 8.79436e-06, wall = 2.70733e-01
dt limiter: Hydro dV/V limit for z = 1529991
End cycle   4100, time = 3.62423e-02, dt = 8.68064e-06, wall = 2.75171e-01
dt limiter: Hydro dV/V limit for z = 1557173
End cycle   4200, time = 3.71620e-02, dt = 9.04117e-06, wall = 2.70950e-01
dt limiter: Hydro dV/V limit for z = 1587146
End cycle   4300, time = 3.80917e-02, dt = 1.03075e-05, wall = 2.70720e-01
dt limiter: Hydro dV/V limit for z = 1616034
End cycle   4400, time = 3.90293e-02, dt = 9.58938e-06, wall = 2.71269e-01
dt limiter: Hydro dV/V limit for z = 1646383
End cycle   4500, time = 3.99746e-02, dt = 9.13295e-06, wall = 2.70844e-01
dt limiter: Hydro dV/V limit for z = 1674956
End cycle   4600, time = 4.09284e-02, dt = 9.10125e-06, wall = 2.70591e-01
dt limiter: Hydro dV/V limit for z = 1704731
End cycle   4700, time = 4.18910e-02, dt = 9.61134e-06, wall = 2.69975e-01
dt limiter: Hydro dV/V limit for z = 1733151
End cycle   4800, time = 4.28634e-02, dt = 1.06540e-05, wall = 2.70732e-01
dt limiter: Hydro dV/V limit for z = 1764452
End cycle   4900, time = 4.38432e-02, dt = 9.86591e-06, wall = 2.70576e-01
dt limiter: Hydro dV/V limit for z = 1792337
End cycle   5000, time = 4.48310e-02, dt = 9.47760e-06, wall = 2.70179e-01
dt limiter: Hydro dV/V limit for z = 1821903
End cycle   5100, time = 4.58266e-02, dt = 9.53215e-06, wall = 2.70267e-01
dt limiter: Hydro dV/V limit for z = 1850014
End cycle   5200, time = 4.68314e-02, dt = 1.02208e-05, wall = 2.70365e-01
dt limiter: Hydro dV/V limit for z = 1877899
End cycle   5300, time = 4.78455e-02, dt = 1.08968e-05, wall = 2.70282e-01
dt limiter: Hydro dV/V limit for z = 1910270
End cycle   5400, time = 4.88669e-02, dt = 1.01415e-05, wall = 2.70614e-01
dt limiter: Hydro dV/V limit for z = 1938635
End cycle   5500, time = 4.98956e-02, dt = 9.83055e-06, wall = 2.70893e-01
dt limiter: Hydro dV/V limit for z = 1966681
End cycle   5600, time = 5.09325e-02, dt = 9.97713e-06, wall = 2.71276e-01
dt limiter: Hydro dV/V limit for z = 1995411
End cycle   5700, time = 5.19787e-02, dt = 1.08924e-05, wall = 2.72126e-01
dt limiter: Hydro dV/V limit for z = 2025146
End cycle   5800, time = 5.30334e-02, dt = 1.11512e-05, wall = 2.72523e-01
dt limiter: Hydro dV/V limit for z = 2056121
End cycle   5900, time = 5.40952e-02, dt = 1.04345e-05, wall = 2.73107e-01
dt limiter: Hydro dV/V limit for z = 2073110
End cycle   6000, time = 5.51643e-02, dt = 1.01887e-05, wall = 2.72904e-01
dt limiter: Hydro dV/V limit for z = 2073110
End cycle   6100, time = 5.62417e-02, dt = 1.04482e-05, wall = 2.72258e-01
dt limiter: Hydro dV/V limit for z = 2073110
End cycle   6200, time = 5.73281e-02, dt = 1.15803e-05, wall = 2.72305e-01
dt limiter: Hydro dV/V limit for z = 2073110
End cycle   6300, time = 5.84228e-02, dt = 1.14129e-05, wall = 2.72209e-01
dt limiter: Hydro dV/V limit for z = 2073110
End cycle   6400, time = 5.95239e-02, dt = 1.07333e-05, wall = 2.71871e-01
dt limiter: Hydro dV/V limit for z = 2073110
End cycle   6500, time = 6.06326e-02, dt = 1.05541e-05, wall = 2.71516e-01
dt limiter: Hydro dV/V limit for z = 2073110
End cycle   6600, time = 6.17495e-02, dt = 1.09317e-05, wall = 2.70683e-01
dt limiter: Hydro dV/V limit for z = 2073110
End cycle   6700, time = 6.28756e-02, dt = 1.23298e-05, wall = 2.84106e-01
dt limiter: Hydro dV/V limit for z = 2073110
End cycle   6800, time = 6.40089e-02, dt = 1.16526e-05, wall = 2.69959e-01
dt limiter: Hydro dV/V limit for z = 2073110
End cycle   6900, time = 6.51489e-02, dt = 1.10386e-05, wall = 2.70225e-01
dt limiter: Hydro dV/V limit for z = 2073110
End cycle   7000, time = 6.62966e-02, dt = 1.09280e-05, wall = 2.69875e-01
dt limiter: Hydro dV/V limit for z = 2073110
End cycle   7100, time = 6.74521e-02, dt = 1.14258e-05, wall = 2.79671e-01
dt limiter: Hydro dV/V limit for z = 2073110
End cycle   7200, time = 6.86169e-02, dt = 1.29193e-05, wall = 2.69439e-01
dt limiter: Hydro dV/V limit for z = 2073110
End cycle   7300, time = 6.97884e-02, dt = 1.18916e-05, wall = 2.69337e-01
dt limiter: Hydro dV/V limit for z = 2073110
End cycle   7400, time = 7.09666e-02, dt = 1.13426e-05, wall = 2.68536e-01
dt limiter: Hydro dV/V limit for z = 2073110
End cycle   7500, time = 7.21522e-02, dt = 1.13059e-05, wall = 2.67680e-01
dt limiter: Hydro dV/V limit for z = 2073110
End cycle   7600, time = 7.33457e-02, dt = 1.19403e-05, wall = 2.67739e-01
dt limiter: Hydro dV/V limit for z = 2073110
End cycle   7700, time = 7.45485e-02, dt = 1.31235e-05, wall = 2.67219e-01
dt limiter: Hydro dV/V limit for z = 2073110
End cycle   7800, time = 7.57575e-02, dt = 1.21446e-05, wall = 2.77411e-01
dt limiter: Hydro dV/V limit for z = 2073110
End cycle   7900, time = 7.69733e-02, dt = 1.16522e-05, wall = 2.66798e-01
dt limiter: Hydro dV/V limit for z = 2073110
End cycle   8000, time = 7.81961e-02, dt = 1.16908e-05, wall = 2.66434e-01
dt limiter: Hydro dV/V limit for z = 2073110
End cycle   8100, time = 7.94272e-02, dt = 1.24834e-05, wall = 2.66079e-01
dt limiter: Hydro dV/V limit for z = 2073110
End cycle   8200, time = 8.06671e-02, dt = 1.33441e-05, wall = 2.66222e-01
dt limiter: Hydro dV/V limit for z = 2073110
End cycle   8300, time = 8.19130e-02, dt = 1.23909e-05, wall = 2.66614e-01
dt limiter: Hydro dV/V limit for z = 2073110
End cycle   8400, time = 8.31654e-02, dt = 1.19670e-05, wall = 2.66846e-01
dt limiter: Hydro dV/V limit for z = 2073110
End cycle   8500, time = 8.44250e-02, dt = 1.20838e-05, wall = 2.67253e-01
dt limiter: Hydro dV/V limit for z = 2073110
End cycle   8600, time = 8.56932e-02, dt = 1.30643e-05, wall = 2.67666e-01
dt limiter: Hydro dV/V limit for z = 2073110
End cycle   8700, time = 8.69694e-02, dt = 1.35743e-05, wall = 2.67948e-01
dt limiter: Hydro dV/V limit for z = 2073110
End cycle   8800, time = 8.82517e-02, dt = 1.26482e-05, wall = 2.77218e-01
dt limiter: Hydro dV/V limit for z = 2073110
End cycle   8900, time = 8.95402e-02, dt = 1.22832e-05, wall = 2.69158e-01
dt limiter: Hydro dV/V limit for z = 2073110
End cycle   9000, time = 9.08360e-02, dt = 1.24895e-05, wall = 2.69323e-01
dt limiter: Hydro dV/V limit for z = 2073110
End cycle   9100, time = 9.21405e-02, dt = 1.36657e-05, wall = 2.70376e-01
dt limiter: Hydro dV/V limit for z = 2073110
End cycle   9200, time = 9.34526e-02, dt = 1.38005e-05, wall = 2.70520e-01
dt limiter: Hydro dV/V limit for z = 2073110
End cycle   9300, time = 9.47703e-02, dt = 1.29165e-05, wall = 2.70192e-01
dt limiter: Hydro dV/V limit for z = 2073110
End cycle   9400, time = 9.60945e-02, dt = 1.26037e-05, wall = 2.70958e-01
dt limiter: Hydro dV/V limit for z = 2073110
End cycle   9500, time = 9.74262e-02, dt = 1.29095e-05, wall = 2.71995e-01
dt limiter: Hydro dV/V limit for z = 2073110
End cycle   9600, time = 9.87662e-02, dt = 1.42768e-05, wall = 2.72129e-01
dt limiter: Hydro dV/V limit for z = 2073110
End cycle   9700, time = 1.00114e-01, dt = 1.40415e-05, wall = 2.72097e-01
dt limiter: Hydro dV/V limit for z = 2073110
End cycle   9800, time = 1.01466e-01, dt = 1.31834e-05, wall = 2.83176e-01
dt limiter: Hydro dV/V limit for z = 2073110
End cycle   9900, time = 1.02826e-01, dt = 1.29286e-05, wall = 2.89106e-01
dt limiter: Hydro dV/V limit for z = 2073110
End cycle  10000, time = 1.04193e-01, dt = 1.33380e-05, wall = 2.73895e-01
dt limiter: Hydro dV/V limit for z = 2073110
End cycle  10100, time = 1.05568e-01, dt = 1.49277e-05, wall = 2.88843e-01
dt limiter: Hydro dV/V limit for z = 2073110
End cycle  10200, time = 1.06950e-01, dt = 1.42626e-05, wall = 2.87644e-01
dt limiter: Hydro dV/V limit for z = 2073110
End cycle  10300, time = 1.08337e-01, dt = 1.34544e-05, wall = 2.75238e-01
dt limiter: Hydro dV/V limit for z = 2073110
End cycle  10400, time = 1.09731e-01, dt = 1.32579e-05, wall = 2.75172e-01
dt limiter: Hydro dV/V limit for z = 2073110
End cycle  10500, time = 1.11133e-01, dt = 1.37644e-05, wall = 2.75765e-01
dt limiter: Hydro dV/V limit for z = 2073110
End cycle  10600, time = 1.12543e-01, dt = 1.55993e-05, wall = 2.92900e-01
dt limiter: Hydro dV/V limit for z = 2073110
End cycle  10700, time = 1.13959e-01, dt = 1.44766e-05, wall = 2.91083e-01
dt limiter: Hydro dV/V limit for z = 2073110
End cycle  10800, time = 1.15380e-01, dt = 1.37279e-05, wall = 2.76881e-01
dt limiter: Hydro dV/V limit for z = 2073110
End cycle  10900, time = 1.16809e-01, dt = 1.35931e-05, wall = 2.91709e-01
dt limiter: Hydro dV/V limit for z = 2073110
End cycle  11000, time = 1.18244e-01, dt = 1.42068e-05, wall = 2.77899e-01
dt limiter: Hydro dV/V limit for z = 2073110
End cycle  11100, time = 1.19689e-01, dt = 1.59737e-05, wall = 2.78148e-01
dt limiter: Hydro dV/V limit for z = 2073110
End cycle  11200, time = 1.21138e-01, dt = 1.46958e-05, wall = 2.79157e-01
dt limiter: Hydro dV/V limit for z = 2073110
End cycle  11300, time = 1.22594e-01, dt = 1.39999e-05, wall = 2.79543e-01
dt limiter: Hydro dV/V limit for z = 2073110
End cycle  11400, time = 1.24056e-01, dt = 1.39271e-05, wall = 2.79089e-01
dt limiter: Hydro dV/V limit for z = 2073110
End cycle  11500, time = 1.25525e-01, dt = 1.46606e-05, wall = 2.78823e-01
dt limiter: Hydro dV/V limit for z = 2073110
End cycle  11600, time = 1.27003e-01, dt = 1.61615e-05, wall = 2.91912e-01
dt limiter: Hydro dV/V limit for z = 2073110
End cycle  11700, time = 1.28486e-01, dt = 1.49250e-05, wall = 2.76890e-01
dt limiter: Hydro dV/V limit for z = 2073110
End cycle  11800, time = 1.29975e-01, dt = 1.42746e-05, wall = 2.76914e-01
dt limiter: Hydro dV/V limit for z = 2073110
End cycle  11900, time = 1.31470e-01, dt = 1.42664e-05, wall = 2.79258e-01
dt limiter: Hydro dV/V limit for z = 2073110
End cycle  12000, time = 1.32972e-01, dt = 1.51250e-05, wall = 2.78024e-01
dt limiter: Hydro dV/V limit for z = 2073110
End cycle  12100, time = 1.34483e-01, dt = 1.63546e-05, wall = 2.78499e-01
dt limiter: Hydro dV/V limit for z = 2073110
End cycle  12200, time = 1.35999e-01, dt = 1.51470e-05, wall = 2.79022e-01
dt limiter: Hydro dV/V limit for z = 2073110
End cycle  12300, time = 1.37521e-01, dt = 1.45538e-05, wall = 2.80078e-01
dt limiter: Hydro dV/V limit for z = 2073110
End cycle  12400, time = 1.39049e-01, dt = 1.46104e-05, wall = 2.80811e-01
dt limiter: Hydro dV/V limit for z = 2073110
End cycle  12500, time = 1.40584e-01, dt = 1.56152e-05, wall = 2.80889e-01
dt limiter: Hydro dV/V limit for z = 2073110
End cycle  12600, time = 1.42128e-01, dt = 1.65606e-05, wall = 2.80777e-01
dt limiter: Hydro dV/V limit for z = 2073110
End cycle  12700, time = 1.43677e-01, dt = 1.53694e-05, wall = 2.80876e-01
dt limiter: Hydro dV/V limit for z = 2073110
End cycle  12800, time = 1.45231e-01, dt = 1.48339e-05, wall = 2.82264e-01
dt limiter: Hydro dV/V limit for z = 2073110
End cycle  12900, time = 1.46791e-01, dt = 1.49577e-05, wall = 2.83525e-01
dt limiter: Hydro dV/V limit for z = 2073110
End cycle  13000, time = 1.48360e-01, dt = 1.61307e-05, wall = 2.84429e-01
dt limiter: Hydro dV/V limit for z = 2073110
End cycle  13100, time = 1.49935e-01, dt = 1.67715e-05, wall = 2.84819e-01
dt limiter: Hydro dV/V limit for z = 2073110
End cycle  13200, time = 1.51516e-01, dt = 1.56006e-05, wall = 2.97682e-01
dt limiter: Hydro dV/V limit for z = 2073110
End cycle  13300, time = 1.53102e-01, dt = 1.51148e-05, wall = 2.83710e-01
dt limiter: Hydro dV/V limit for z = 2073110
End cycle  13400, time = 1.54695e-01, dt = 1.53125e-05, wall = 2.83975e-01
dt limiter: Hydro dV/V limit for z = 2073110
End cycle  13500, time = 1.56295e-01, dt = 1.66572e-05, wall = 2.84423e-01
dt limiter: Hydro dV/V limit for z = 2073110
End cycle  13600, time = 1.57903e-01, dt = 1.69780e-05, wall = 2.84229e-01
dt limiter: Hydro dV/V limit for z = 2073110
End cycle  13700, time = 1.59516e-01, dt = 1.58394e-05, wall = 2.83940e-01
dt limiter: Hydro dV/V limit for z = 2073110
End cycle  13800, time = 1.61133e-01, dt = 1.53976e-05, wall = 2.95136e-01
dt limiter: Hydro dV/V limit for z = 2073110
End cycle  13900, time = 1.62758e-01, dt = 1.56763e-05, wall = 2.84511e-01
dt limiter: Hydro dV/V limit for z = 2073110
End cycle  14000, time = 1.64390e-01, dt = 1.71794e-05, wall = 2.83890e-01
dt limiter: Hydro dV/V limit for z = 2073110
End cycle  14100, time = 1.66030e-01, dt = 1.71853e-05, wall = 2.83820e-01
dt limiter: Hydro dV/V limit for z = 2073110
End cycle  14200, time = 1.67673e-01, dt = 1.60796e-05, wall = 2.83543e-01
dt limiter: Hydro dV/V limit for z = 2073110
End cycle  14300, time = 1.69322e-01, dt = 1.56833e-05, wall = 2.83630e-01
dt limiter: Hydro dV/V limit for z = 2073110
End cycle  14400, time = 1.70978e-01, dt = 1.60483e-05, wall = 2.83321e-01
dt limiter: Hydro dV/V limit for z = 2073110
End cycle  14500, time = 1.72642e-01, dt = 1.77156e-05, wall = 2.84445e-01
dt limiter: Hydro dV/V limit for z = 2073110
End cycle  14600, time = 1.74313e-01, dt = 1.74035e-05, wall = 2.84495e-01
dt limiter: Hydro dV/V limit for z = 2073110
End cycle  14700, time = 1.75987e-01, dt = 1.63185e-05, wall = 2.83713e-01
dt limiter: Hydro dV/V limit for z = 2073110
End cycle  14800, time = 1.77668e-01, dt = 1.59709e-05, wall = 2.83354e-01
dt limiter: Hydro dV/V limit for z = 2073110
End cycle  14900, time = 1.79355e-01, dt = 1.64264e-05, wall = 2.83729e-01
dt limiter: Hydro dV/V limit for z = 2073110
End cycle  15000, time = 1.81050e-01, dt = 1.82752e-05, wall = 2.84302e-01
dt limiter: Hydro dV/V limit for z = 2073110
End cycle  15100, time = 1.82751e-01, dt = 1.76061e-05, wall = 2.83606e-01
dt limiter: Hydro dV/V limit for z = 2073110
End cycle  15200, time = 1.84456e-01, dt = 1.65576e-05, wall = 2.97994e-01
dt limiter: Hydro dV/V limit for z = 2073110
End cycle  15300, time = 1.86167e-01, dt = 1.62607e-05, wall = 2.83227e-01
dt limiter: Hydro dV/V limit for z = 2073110
End cycle  15400, time = 1.87885e-01, dt = 1.67990e-05, wall = 2.83991e-01
dt limiter: Hydro dV/V limit for z = 2073110
End cycle  15500, time = 1.89611e-01, dt = 1.88583e-05, wall = 2.84149e-01
dt limiter: Hydro dV/V limit for z = 2073110
End cycle  15600, time = 1.91343e-01, dt = 1.78034e-05, wall = 2.84087e-01
dt limiter: Hydro dV/V limit for z = 2073110
End cycle  15700, time = 1.93079e-01, dt = 1.68023e-05, wall = 2.84686e-01
dt limiter: Hydro dV/V limit for z = 2073110
End cycle  15800, time = 1.94820e-01, dt = 1.65533e-05, wall = 2.84553e-01
dt limiter: Hydro dV/V limit for z = 2073110
End cycle  15900, time = 1.96568e-01, dt = 1.71745e-05, wall = 2.84947e-01
dt limiter: Hydro dV/V limit for z = 2073110
End cycle  16000, time = 1.98325e-01, dt = 1.94410e-05, wall = 2.85197e-01
dt limiter: Hydro dV/V limit for z = 2073110
End cycle  16100, time = 2.00087e-01, dt = 1.79970e-05, wall = 2.87804e-01
dt limiter: Hydro dV/V limit for z = 2073110
End cycle  16200, time = 2.01853e-01, dt = 1.70468e-05, wall = 2.87959e-01
dt limiter: Hydro dV/V limit for z = 2073110
End cycle  16300, time = 2.03625e-01, dt = 1.68490e-05, wall = 2.88370e-01
dt limiter: Hydro dV/V limit for z = 2073110
End cycle  16400, time = 2.05403e-01, dt = 1.75615e-05, wall = 2.88472e-01
dt limiter: Hydro dV/V limit for z = 2073110
End cycle  16500, time = 2.07190e-01, dt = 1.98120e-05, wall = 2.88196e-01
dt limiter: Hydro dV/V limit for z = 2073110
End cycle  16600, time = 2.08981e-01, dt = 1.81939e-05, wall = 2.88150e-01
dt limiter: Hydro dV/V limit for z = 2073110
End cycle  16700, time = 2.10777e-01, dt = 1.72891e-05, wall = 2.87611e-01
dt limiter: Hydro dV/V limit for z = 2073110
End cycle  16800, time = 2.12579e-01, dt = 1.71436e-05, wall = 2.87745e-01
dt limiter: Hydro dV/V limit for z = 2073110
End cycle  16900, time = 2.14387e-01, dt = 1.79547e-05, wall = 2.97193e-01
dt limiter: Hydro dV/V limit for z = 2073110
End cycle  17000, time = 2.16203e-01, dt = 1.99901e-05, wall = 3.01467e-01
dt limiter: Hydro dV/V limit for z = 2073110
End cycle  17100, time = 2.18024e-01, dt = 1.83997e-05, wall = 2.88822e-01
dt limiter: Hydro dV/V limit for z = 2073110
End cycle  17200, time = 2.19850e-01, dt = 1.75310e-05, wall = 2.87659e-01
dt limiter: Hydro dV/V limit for z = 2073110
End cycle  17300, time = 2.21681e-01, dt = 1.74381e-05, wall = 2.88288e-01
dt limiter: Hydro dV/V limit for z = 2073110
End cycle  17400, time = 2.23519e-01, dt = 1.83484e-05, wall = 3.13151e-01
dt limiter: Hydro dV/V limit for z = 2073110
End cycle  17500, time = 2.25365e-01, dt = 2.01618e-05, wall = 2.88022e-01
dt limiter: Hydro dV/V limit for z = 2073110
End cycle  17600, time = 2.27215e-01, dt = 1.86077e-05, wall = 2.88592e-01
dt limiter: Hydro dV/V limit for z = 2073110
End cycle  17700, time = 2.29070e-01, dt = 1.77771e-05, wall = 2.88130e-01
dt limiter: Hydro dV/V limit for z = 2073110
End cycle  17800, time = 2.30931e-01, dt = 1.77358e-05, wall = 2.87061e-01
dt limiter: Hydro dV/V limit for z = 2073110
End cycle  17900, time = 2.32798e-01, dt = 1.87459e-05, wall = 3.02919e-01
dt limiter: Hydro dV/V limit for z = 2073110
End cycle  18000, time = 2.34673e-01, dt = 2.03418e-05, wall = 2.88661e-01
dt limiter: Hydro dV/V limit for z = 2073110
End cycle  18100, time = 2.36552e-01, dt = 1.88082e-05, wall = 2.88190e-01
dt limiter: Hydro dV/V limit for z = 2073110
End cycle  18200, time = 2.38436e-01, dt = 1.80239e-05, wall = 2.87446e-01
dt limiter: Hydro dV/V limit for z = 2073110
End cycle  18300, time = 2.40326e-01, dt = 1.80348e-05, wall = 2.88364e-01
dt limiter: Hydro dV/V limit for z = 2073110
End cycle  18400, time = 2.42222e-01, dt = 1.91631e-05, wall = 2.88475e-01
dt limiter: Hydro dV/V limit for z = 2073110
End cycle  18500, time = 2.44126e-01, dt = 2.05213e-05, wall = 2.88479e-01
dt limiter: Hydro dV/V limit for z = 2073110
End cycle  18600, time = 2.46034e-01, dt = 1.90098e-05, wall = 2.88175e-01
dt limiter: Hydro dV/V limit for z = 2073110
End cycle  18700, time = 2.47946e-01, dt = 1.82686e-05, wall = 2.87806e-01
dt limiter: Hydro dV/V limit for z = 2073110
End cycle  18800, time = 2.49864e-01, dt = 1.83333e-05, wall = 2.88232e-01
dt limiter: Hydro dV/V limit for z = 2073110
End cycle  18900, time = 2.51789e-01, dt = 1.95797e-05, wall = 2.89653e-01
dt limiter: Hydro dV/V limit for z = 2073110
End cycle  19000, time = 2.53720e-01, dt = 2.06840e-05, wall = 2.89391e-01
dt limiter: Hydro dV/V limit for z = 2073110
End cycle  19100, time = 2.55642e-01, dt = 1.90606e-05, wall = 2.88367e-01
dt limiter: Hydro dV/V limit for z = 2073110
End cycle  19200, time = 2.57555e-01, dt = 1.82521e-05, wall = 2.89619e-01
dt limiter: Hydro dV/V limit for z = 2073110
End cycle  19300, time = 2.59467e-01, dt = 1.82377e-05, wall = 2.89415e-01
dt limiter: Hydro dV/V limit for z = 2073110
End cycle  19400, time = 2.61381e-01, dt = 1.93381e-05, wall = 3.01488e-01
dt limiter: Hydro dV/V limit for z = 2073110
End cycle  19500, time = 2.63296e-01, dt = 2.06119e-05, wall = 2.88956e-01
dt limiter: Hydro dV/V limit for z = 2073110
End cycle  19600, time = 2.65209e-01, dt = 1.90559e-05, wall = 3.01674e-01
dt limiter: Hydro dV/V limit for z = 2073110
End cycle  19700, time = 2.67122e-01, dt = 1.82513e-05, wall = 3.02247e-01
dt limiter: Hydro dV/V limit for z = 2073110
End cycle  19800, time = 2.69033e-01, dt = 1.82283e-05, wall = 3.03293e-01
dt limiter: Hydro dV/V limit for z = 2073110
End cycle  19900, time = 2.70946e-01, dt = 1.93076e-05, wall = 2.89287e-01
dt limiter: Hydro dV/V limit for z = 2073110
End cycle  20000, time = 2.72861e-01, dt = 2.06345e-05, wall = 2.89357e-01
dt limiter: Hydro dV/V limit for z = 2073110
End cycle  20100, time = 2.74774e-01, dt = 1.90700e-05, wall = 3.04505e-01
dt limiter: Hydro dV/V limit for z = 2073110
End cycle  20200, time = 2.76686e-01, dt = 1.82546e-05, wall = 2.89160e-01
dt limiter: Hydro dV/V limit for z = 2073110
End cycle  20300, time = 2.78597e-01, dt = 1.82202e-05, wall = 2.97277e-01
dt limiter: Hydro dV/V limit for z = 2073110
End cycle  20400, time = 2.80510e-01, dt = 1.92775e-05, wall = 2.88767e-01
dt limiter: Hydro dV/V limit for z = 2073110
End cycle  20500, time = 2.82425e-01, dt = 2.06619e-05, wall = 3.00248e-01
dt limiter: Hydro dV/V limit for z = 2073110
End cycle  20600, time = 2.84338e-01, dt = 1.90886e-05, wall = 2.89175e-01
dt limiter: Hydro dV/V limit for z = 2073110
End cycle  20700, time = 2.86251e-01, dt = 1.82644e-05, wall = 2.90272e-01
dt limiter: Hydro dV/V limit for z = 2073110
End cycle  20800, time = 2.88163e-01, dt = 1.82228e-05, wall = 2.90742e-01
dt limiter: Hydro dV/V limit for z = 2073110
End cycle  20900, time = 2.90076e-01, dt = 1.92671e-05, wall = 2.90529e-01
dt limiter: Hydro dV/V limit for z = 2073110
End cycle  21000, time = 2.91992e-01, dt = 2.06890e-05, wall = 2.90251e-01
dt limiter: Hydro dV/V limit for z = 2073110
End cycle  21100, time = 2.93906e-01, dt = 1.91076e-05, wall = 3.04767e-01
dt limiter: Hydro dV/V limit for z = 2073110
End cycle  21200, time = 2.95820e-01, dt = 1.82758e-05, wall = 2.90016e-01
dt limiter: Hydro dV/V limit for z = 2073110
End cycle  21300, time = 2.97732e-01, dt = 1.82272e-05, wall = 2.90698e-01
dt limiter: Hydro dV/V limit for z = 2073110
End cycle  21400, time = 2.99646e-01, dt = 1.92583e-05, wall = 2.90766e-01
dt limiter: Hydro dV/V limit for z = 2073110
End cycle  21500, time = 3.01563e-01, dt = 2.07129e-05, wall = 2.91063e-01
dt limiter: Hydro dV/V limit for z = 2073110
End cycle  21600, time = 3.03478e-01, dt = 1.91256e-05, wall = 2.90845e-01
dt limiter: Hydro dV/V limit for z = 2073110
End cycle  21700, time = 3.05392e-01, dt = 1.82859e-05, wall = 2.90296e-01
dt limiter: Hydro dV/V limit for z = 2073110
End cycle  21800, time = 3.07305e-01, dt = 1.82374e-05, wall = 2.90165e-01
dt limiter: Hydro dV/V limit for z = 2073110
End cycle  21900, time = 3.09222e-01, dt = 1.92855e-05, wall = 2.90615e-01
dt limiter: Hydro dV/V limit for z = 2073110
End cycle  22000, time = 3.11143e-01, dt = 2.07727e-05, wall = 2.90412e-01
dt limiter: Hydro dV/V limit for z = 2073110
End cycle  22100, time = 3.13066e-01, dt = 1.92057e-05, wall = 2.89708e-01
dt limiter: Hydro dV/V limit for z = 2073110
End cycle  22200, time = 3.14992e-01, dt = 1.84062e-05, wall = 3.02616e-01
dt limiter: Hydro dV/V limit for z = 2073110
End cycle  22300, time = 3.16921e-01, dt = 1.84116e-05, wall = 3.04709e-01
dt limiter: Hydro dV/V limit for z = 2073110
End cycle  22400, time = 3.18855e-01, dt = 1.95555e-05, wall = 2.90054e-01
dt limiter: Hydro dV/V limit for z = 2073110
End cycle  22500, time = 3.20797e-01, dt = 2.09076e-05, wall = 2.90346e-01
dt limiter: Hydro dV/V limit for z = 2073110
End cycle  22600, time = 3.22740e-01, dt = 1.93588e-05, wall = 2.89266e-01
dt limiter: Hydro dV/V limit for z = 2073110
End cycle  22700, time = 3.24686e-01, dt = 1.85897e-05, wall = 3.02678e-01
dt limiter: Hydro dV/V limit for z = 2073110
End cycle  22800, time = 3.26637e-01, dt = 1.86345e-05, wall = 2.89611e-01
dt limiter: Hydro dV/V limit for z = 2073110
End cycle  22900, time = 3.28593e-01, dt = 1.98626e-05, wall = 2.89127e-01
dt limiter: Hydro dV/V limit for z = 2073110
End cycle  23000, time = 3.30555e-01, dt = 2.10601e-05, wall = 2.89359e-01
dt limiter: Hydro dV/V limit for z = 2073110
End cycle  23100, time = 3.32520e-01, dt = 1.95126e-05, wall = 2.89721e-01
dt limiter: Hydro dV/V limit for z = 2073110
End cycle  23200, time = 3.34488e-01, dt = 1.87755e-05, wall = 2.89461e-01
dt limiter: Hydro dV/V limit for z = 2073110
End cycle  23300, time = 3.36459e-01, dt = 1.88565e-05, wall = 2.88624e-01
dt limiter: Hydro dV/V limit for z = 2073110
End cycle  23400, time = 3.38437e-01, dt = 2.01760e-05, wall = 2.87969e-01
dt limiter: Hydro dV/V limit for z = 2073110
End cycle  23500, time = 3.40420e-01, dt = 2.12090e-05, wall = 2.87570e-01
dt limiter: Hydro dV/V limit for z = 2073110
End cycle  23600, time = 3.42406e-01, dt = 1.96682e-05, wall = 2.88520e-01
dt limiter: Hydro dV/V limit for z = 2073110
End cycle  23700, time = 3.44394e-01, dt = 1.89600e-05, wall = 2.88417e-01
dt limiter: Hydro dV/V limit for z = 2073110
End cycle  23800, time = 3.46387e-01, dt = 1.90783e-05, wall = 2.88718e-01
dt limiter: Hydro dV/V limit for z = 2073110
End cycle  23900, time = 3.48386e-01, dt = 2.04952e-05, wall = 2.88453e-01
dt limiter: Hydro dV/V limit for z = 2073110
End cycle  24000, time = 3.50390e-01, dt = 2.13615e-05, wall = 2.88867e-01
dt limiter: Hydro dV/V limit for z = 2073110
End cycle  24100, time = 3.52397e-01, dt = 1.98274e-05, wall = 2.88486e-01
dt limiter: Hydro dV/V limit for z = 2073110
End cycle  24200, time = 3.54406e-01, dt = 1.91442e-05, wall = 2.88086e-01
dt limiter: Hydro dV/V limit for z = 2073110
End cycle  24300, time = 3.56419e-01, dt = 1.93009e-05, wall = 2.87849e-01
dt limiter: Hydro dV/V limit for z = 2073110
End cycle  24400, time = 3.58439e-01, dt = 2.08078e-05, wall = 2.87836e-01
dt limiter: Hydro dV/V limit for z = 2073110
End cycle  24500, time = 3.60464e-01, dt = 2.15064e-05, wall = 2.87711e-01
dt limiter: Hydro dV/V limit for z = 2073110
End cycle  24600, time = 3.62491e-01, dt = 1.99852e-05, wall = 2.87973e-01
dt limiter: Hydro dV/V limit for z = 2073110
End cycle  24700, time = 3.64521e-01, dt = 1.93287e-05, wall = 2.88100e-01
dt limiter: Hydro dV/V limit for z = 2073110
End cycle  24800, time = 3.66556e-01, dt = 1.95260e-05, wall = 2.88573e-01
dt limiter: Hydro dV/V limit for z = 2073110
End cycle  24900, time = 3.68596e-01, dt = 2.11296e-05, wall = 3.01359e-01
dt limiter: Hydro dV/V limit for z = 2073110
End cycle  25000, time = 3.70642e-01, dt = 2.16522e-05, wall = 3.00633e-01
dt limiter: Hydro dV/V limit for z = 2073110
End cycle  25100, time = 3.72690e-01, dt = 2.01464e-05, wall = 3.03483e-01
dt limiter: Hydro dV/V limit for z = 2073110
End cycle  25200, time = 3.74740e-01, dt = 1.95135e-05, wall = 2.87864e-01
dt limiter: Hydro dV/V limit for z = 2073110
End cycle  25300, time = 3.76795e-01, dt = 1.97536e-05, wall = 2.87655e-01
dt limiter: Hydro dV/V limit for z = 2073110
End cycle  25400, time = 3.78857e-01, dt = 2.14515e-05, wall = 2.88138e-01
dt limiter: Hydro dV/V limit for z = 2073110
End cycle  25500, time = 3.80923e-01, dt = 2.18035e-05, wall = 2.87622e-01
dt limiter: Hydro dV/V limit for z = 2073110
End cycle  25600, time = 3.82991e-01, dt = 2.03094e-05, wall = 2.87887e-01
dt limiter: Hydro dV/V limit for z = 2073110
End cycle  25700, time = 3.85062e-01, dt = 1.96978e-05, wall = 2.96254e-01
dt limiter: Hydro dV/V limit for z = 2073110
End cycle  25800, time = 3.87137e-01, dt = 1.99807e-05, wall = 2.88058e-01
dt limiter: Hydro dV/V limit for z = 2073110
End cycle  25900, time = 3.89219e-01, dt = 2.17624e-05, wall = 2.88126e-01
dt limiter: Hydro dV/V limit for z = 2073110
End cycle  26000, time = 3.91306e-01, dt = 2.19500e-05, wall = 2.90091e-01
dt limiter: Hydro dV/V limit for z = 2073110
End cycle  26100, time = 3.93394e-01, dt = 2.04718e-05, wall = 2.88948e-01
dt limiter: Hydro dV/V limit for z = 2073110
End cycle  26200, time = 3.95486e-01, dt = 1.98828e-05, wall = 2.87986e-01
dt limiter: Hydro dV/V limit for z = 2073110
End cycle  26300, time = 3.97582e-01, dt = 2.02092e-05, wall = 2.87699e-01
dt limiter: Hydro dV/V limit for z = 2073110
End cycle  26400, time = 3.99684e-01, dt = 2.20769e-05, wall = 2.88225e-01
dt limiter: Hydro dV/V limit for z = 2073110
End cycle  26500, time = 4.01791e-01, dt = 2.20979e-05, wall = 2.88423e-01
dt limiter: Hydro dV/V limit for z = 2073110
End cycle  26600, time = 4.03899e-01, dt = 2.06361e-05, wall = 2.88379e-01
dt limiter: Hydro dV/V limit for z = 2073110
End cycle  26700, time = 4.06011e-01, dt = 2.00679e-05, wall = 2.88468e-01
dt limiter: Hydro dV/V limit for z = 2073110
End cycle  26800, time = 4.08127e-01, dt = 2.04400e-05, wall = 2.89239e-01
dt limiter: Hydro dV/V limit for z = 2073110
End cycle  26900, time = 4.10249e-01, dt = 2.23897e-05, wall = 2.88663e-01
dt limiter: Hydro dV/V limit for z = 2073110
End cycle  27000, time = 4.12377e-01, dt = 2.22521e-05, wall = 2.88931e-01
dt limiter: Hydro dV/V limit for z = 2073110
End cycle  27100, time = 4.14505e-01, dt = 2.07969e-05, wall = 2.89528e-01
dt limiter: Hydro dV/V limit for z = 2073110
End cycle  27200, time = 4.16637e-01, dt = 2.02526e-05, wall = 2.90424e-01
dt limiter: Hydro dV/V limit for z = 2073110
End cycle  27300, time = 4.18773e-01, dt = 2.06705e-05, wall = 2.91826e-01
dt limiter: Hydro dV/V limit for z = 2073110
End cycle  27400, time = 4.20916e-01, dt = 2.27077e-05, wall = 2.90479e-01
dt limiter: Hydro dV/V limit for z = 2073110
End cycle  27500, time = 4.23063e-01, dt = 2.24045e-05, wall = 2.90485e-01
dt limiter: Hydro dV/V limit for z = 2073110
End cycle  27600, time = 4.25211e-01, dt = 2.09570e-05, wall = 2.90746e-01
dt limiter: Hydro dV/V limit for z = 2073110
End cycle  27700, time = 4.27363e-01, dt = 2.04378e-05, wall = 2.91170e-01
dt limiter: Hydro dV/V limit for z = 2073110
End cycle  27800, time = 4.29519e-01, dt = 2.08994e-05, wall = 2.90741e-01
dt limiter: Hydro dV/V limit for z = 2073110
End cycle  27900, time = 4.31682e-01, dt = 2.30348e-05, wall = 2.90695e-01
dt limiter: Hydro dV/V limit for z = 2073110
End cycle  28000, time = 4.33849e-01, dt = 2.25576e-05, wall = 2.90499e-01
dt limiter: Hydro dV/V limit for z = 2073110
End cycle  28100, time = 4.36017e-01, dt = 2.11190e-05, wall = 2.90513e-01
dt limiter: Hydro dV/V limit for z = 2073110
End cycle  28200, time = 4.38189e-01, dt = 2.06224e-05, wall = 2.90933e-01
dt limiter: Hydro dV/V limit for z = 2073110
End cycle  28300, time = 4.40365e-01, dt = 2.11302e-05, wall = 2.90465e-01
dt limiter: Hydro dV/V limit for z = 2073110
End cycle  28400, time = 4.42547e-01, dt = 2.33625e-05, wall = 2.91069e-01
dt limiter: Hydro dV/V limit for z = 2073110
End cycle  28500, time = 4.44734e-01, dt = 2.27089e-05, wall = 2.91124e-01
dt limiter: Hydro dV/V limit for z = 2073110
End cycle  28600, time = 4.46922e-01, dt = 2.12803e-05, wall = 2.90484e-01
dt limiter: Hydro dV/V limit for z = 2073110
End cycle  28700, time = 4.49113e-01, dt = 2.08070e-05, wall = 2.90075e-01
dt limiter: Hydro dV/V limit for z = 2073110
End cycle  28800, time = 4.51309e-01, dt = 2.13611e-05, wall = 3.05304e-01
dt limiter: Hydro dV/V limit for z = 2073110
End cycle  28900, time = 4.53512e-01, dt = 2.36812e-05, wall = 3.03479e-01
dt limiter: Hydro dV/V limit for z = 2073110
End cycle  29000, time = 4.55718e-01, dt = 2.28524e-05, wall = 2.91266e-01
dt limiter: Hydro dV/V limit for z = 2073110
End cycle  29100, time = 4.57926e-01, dt = 2.14407e-05, wall = 2.91846e-01
dt limiter: Hydro dV/V limit for z = 2073110
End cycle  29200, time = 4.60136e-01, dt = 2.09916e-05, wall = 2.90735e-01
dt limiter: Hydro dV/V limit for z = 2073110
End cycle  29300, time = 4.62352e-01, dt = 2.15883e-05, wall = 2.91290e-01
dt limiter: Hydro dV/V limit for z = 2073110
End cycle  29400, time = 4.64574e-01, dt = 2.40115e-05, wall = 2.90684e-01
dt limiter: Hydro dV/V limit for z = 2073110
End cycle  29500, time = 4.66800e-01, dt = 2.29949e-05, wall = 2.91561e-01
dt limiter: Hydro dV/V limit for z = 2073110
End cycle  29600, time = 4.69027e-01, dt = 2.16023e-05, wall = 3.06379e-01
dt limiter: Hydro dV/V limit for z = 2073110
End cycle  29700, time = 4.71257e-01, dt = 2.11762e-05, wall = 2.91352e-01
dt limiter: Hydro dV/V limit for z = 2073110
End cycle  29800, time = 4.73492e-01, dt = 2.18138e-05, wall = 2.91315e-01
dt limiter: Hydro dV/V limit for z = 2073110
End cycle  29900, time = 4.75734e-01, dt = 2.43469e-05, wall = 2.90604e-01
dt limiter: Hydro dV/V limit for z = 2073110
End cycle  30000, time = 4.77979e-01, dt = 2.31386e-05, wall = 3.00369e-01
dt limiter: Hydro dV/V limit for z = 2073110
End cycle  30100, time = 4.80225e-01, dt = 2.17661e-05, wall = 2.91712e-01
dt limiter: Hydro dV/V limit for z = 2073110
End cycle  30200, time = 4.82475e-01, dt = 2.13606e-05, wall = 2.90389e-01
dt limiter: Hydro dV/V limit for z = 2073110
End cycle  30300, time = 4.84730e-01, dt = 2.20393e-05, wall = 2.91834e-01
dt limiter: Hydro dV/V limit for z = 2073110
End cycle  30400, time = 4.86991e-01, dt = 2.46784e-05, wall = 2.93952e-01
dt limiter: Hydro dV/V limit for z = 2073110
End cycle  30500, time = 4.89255e-01, dt = 2.32814e-05, wall = 2.90984e-01
dt limiter: Hydro dV/V limit for z = 2073110
End cycle  30600, time = 4.91521e-01, dt = 2.19284e-05, wall = 2.90757e-01
dt limiter: Hydro dV/V limit for z = 2073110
End cycle  30700, time = 4.93790e-01, dt = 2.15452e-05, wall = 3.04536e-01
dt limiter: Hydro dV/V limit for z = 2073110
End cycle  30800, time = 4.96064e-01, dt = 2.22622e-05, wall = 2.91354e-01
dt limiter: Hydro dV/V limit for z = 2073110
End cycle  30900, time = 4.98344e-01, dt = 2.49972e-05, wall = 2.89933e-01
dt limiter: Hydro dV/V limit for z = 2073110
End cycle  31000, time = 5.00628e-01, dt = 2.34228e-05, wall = 2.90350e-01
dt limiter: Hydro dV/V limit for z = 2073110
End cycle  31100, time = 5.02913e-01, dt = 2.20905e-05, wall = 2.90026e-01
dt limiter: Hydro dV/V limit for z = 2073110
End cycle  31200, time = 5.05201e-01, dt = 2.17298e-05, wall = 2.91133e-01
dt limiter: Hydro dV/V limit for z = 2073110
End cycle  31300, time = 5.07494e-01, dt = 2.24883e-05, wall = 2.89504e-01
dt limiter: Hydro dV/V limit for z = 2073110
End cycle  31400, time = 5.09794e-01, dt = 2.53267e-05, wall = 2.90477e-01
dt limiter: Hydro dV/V limit for z = 2073110
End cycle  31500, time = 5.12096e-01, dt = 2.35634e-05, wall = 2.94647e-01
dt limiter: Hydro dV/V limit for z = 2073110
End cycle  31600, time = 5.14400e-01, dt = 2.22543e-05, wall = 2.90335e-01
dt limiter: Hydro dV/V limit for z = 2073110
End cycle  31700, time = 5.16708e-01, dt = 2.19141e-05, wall = 2.93022e-01
dt limiter: Hydro dV/V limit for z = 2073110
End cycle  31800, time = 5.19020e-01, dt = 2.27159e-05, wall = 2.90027e-01
dt limiter: Hydro dV/V limit for z = 2073110
End cycle  31900, time = 5.21339e-01, dt = 2.56579e-05, wall = 2.89508e-01
dt limiter: Hydro dV/V limit for z = 2073110
End cycle  32000, time = 5.23660e-01, dt = 2.37051e-05, wall = 2.89995e-01
dt limiter: Hydro dV/V limit for z = 2073110
End cycle  32100, time = 5.25983e-01, dt = 2.24152e-05, wall = 2.90796e-01
dt limiter: Hydro dV/V limit for z = 2073110
End cycle  32200, time = 5.28309e-01, dt = 2.20986e-05, wall = 2.90294e-01
dt limiter: Hydro dV/V limit for z = 2073110
End cycle  32300, time = 5.30640e-01, dt = 2.29429e-05, wall = 2.90284e-01
dt limiter: Hydro dV/V limit for z = 2073110
End cycle  32400, time = 5.32978e-01, dt = 2.59794e-05, wall = 2.91112e-01
dt limiter: Hydro dV/V limit for z = 2073110
End cycle  32500, time = 5.35318e-01, dt = 2.38520e-05, wall = 2.90256e-01
dt limiter: Hydro dV/V limit for z = 2073110
End cycle  32600, time = 5.37660e-01, dt = 2.25751e-05, wall = 2.90276e-01
dt limiter: Hydro dV/V limit for z = 2073110
End cycle  32700, time = 5.40006e-01, dt = 2.22831e-05, wall = 2.90484e-01
dt limiter: Hydro dV/V limit for z = 2073110
End cycle  32800, time = 5.42355e-01, dt = 2.31705e-05, wall = 2.90819e-01
dt limiter: Hydro dV/V limit for z = 2073110
End cycle  32900, time = 5.44712e-01, dt = 2.61679e-05, wall = 2.90298e-01
dt limiter: Hydro dV/V limit for z = 2073110
End cycle  33000, time = 5.47071e-01, dt = 2.39946e-05, wall = 2.90221e-01
dt limiter: Hydro dV/V limit for z = 2073110
End cycle  33100, time = 5.49432e-01, dt = 2.27357e-05, wall = 3.05004e-01
dt limiter: Hydro dV/V limit for z = 2073110
End cycle  33200, time = 5.51796e-01, dt = 2.24669e-05, wall = 2.90930e-01
dt limiter: Hydro dV/V limit for z = 2073110
End cycle  33300, time = 5.54165e-01, dt = 2.33937e-05, wall = 3.02952e-01
dt limiter: Hydro dV/V limit for z = 2073110
End cycle  33400, time = 5.56540e-01, dt = 2.63063e-05, wall = 2.89428e-01
dt limiter: Hydro dV/V limit for z = 2073110
End cycle  33500, time = 5.58918e-01, dt = 2.41359e-05, wall = 2.90072e-01
dt limiter: Hydro dV/V limit for z = 2073110
End cycle  33600, time = 5.61297e-01, dt = 2.28955e-05, wall = 3.01979e-01
dt limiter: Hydro dV/V limit for z = 2073110
End cycle  33700, time = 5.63680e-01, dt = 2.26490e-05, wall = 2.90567e-01
dt limiter: Hydro dV/V limit for z = 2073110
End cycle  33800, time = 5.66067e-01, dt = 2.36211e-05, wall = 2.91012e-01
dt limiter: Hydro dV/V limit for z = 2073110
End cycle  33900, time = 5.68462e-01, dt = 2.64473e-05, wall = 2.91680e-01
dt limiter: Hydro dV/V limit for z = 2073110
End cycle  34000, time = 5.70858e-01, dt = 2.42823e-05, wall = 2.90966e-01
dt limiter: Hydro dV/V limit for z = 2073110
End cycle  34100, time = 5.73256e-01, dt = 2.30571e-05, wall = 2.92490e-01
dt limiter: Hydro dV/V limit for z = 2073110
End cycle  34200, time = 5.75657e-01, dt = 2.28299e-05, wall = 2.92088e-01
dt limiter: Hydro dV/V limit for z = 2073110
End cycle  34300, time = 5.78063e-01, dt = 2.38495e-05, wall = 3.01813e-01
dt limiter: Hydro dV/V limit for z = 2073110
End cycle  34400, time = 5.80476e-01, dt = 2.65859e-05, wall = 2.90834e-01
dt limiter: Hydro dV/V limit for z = 2073110
End cycle  34500, time = 5.82891e-01, dt = 2.44285e-05, wall = 2.91536e-01
dt limiter: Hydro dV/V limit for z = 2073110
End cycle  34600, time = 5.85307e-01, dt = 2.32163e-05, wall = 2.92475e-01
dt limiter: Hydro dV/V limit for z = 2073110
End cycle  34700, time = 5.87727e-01, dt = 2.30105e-05, wall = 2.92538e-01
dt limiter: Hydro dV/V limit for z = 2073110
End cycle  34800, time = 5.90152e-01, dt = 2.40738e-05, wall = 2.92428e-01
dt limiter: Hydro dV/V limit for z = 2073110
End cycle  34900, time = 5.92583e-01, dt = 2.67331e-05, wall = 2.92493e-01
dt limiter: Hydro dV/V limit for z = 2073110
End cycle  35000, time = 5.95016e-01, dt = 2.45789e-05, wall = 2.93287e-01
dt limiter: Hydro dV/V limit for z = 2073110
End cycle  35100, time = 5.97451e-01, dt = 2.33755e-05, wall = 2.92088e-01
dt limiter: Hydro dV/V limit for z = 2073110
End cycle  35200, time = 5.99889e-01, dt = 2.31911e-05, wall = 2.91993e-01
dt limiter: Hydro dV/V limit for z = 2073110
End cycle  35300, time = 6.02332e-01, dt = 2.42996e-05, wall = 2.92849e-01
dt limiter: Hydro dV/V limit for z = 2073110
End cycle  35400, time = 6.04782e-01, dt = 2.68715e-05, wall = 2.99840e-01
dt limiter: Hydro dV/V limit for z = 2073110
End cycle  35500, time = 6.07233e-01, dt = 2.47258e-05, wall = 3.08143e-01
dt limiter: Hydro dV/V limit for z = 2073110
End cycle  35600, time = 6.09687e-01, dt = 2.35351e-05, wall = 2.91751e-01
dt limiter: Hydro dV/V limit for z = 2073110
End cycle  35700, time = 6.12143e-01, dt = 2.33706e-05, wall = 2.91921e-01
dt limiter: Hydro dV/V limit for z = 2073110
End cycle  35800, time = 6.14604e-01, dt = 2.45183e-05, wall = 2.91895e-01
dt limiter: Hydro dV/V limit for z = 2073110
End cycle  35900, time = 6.17073e-01, dt = 2.70138e-05, wall = 2.91809e-01
dt limiter: Hydro dV/V limit for z = 2073110
End cycle  36000, time = 6.19542e-01, dt = 2.48740e-05, wall = 2.91573e-01
dt limiter: Hydro dV/V limit for z = 2073110
End cycle  36100, time = 6.22014e-01, dt = 2.36943e-05, wall = 2.90816e-01
dt limiter: Hydro dV/V limit for z = 2073110
End cycle  36200, time = 6.24488e-01, dt = 2.35506e-05, wall = 2.91391e-01
dt limiter: Hydro dV/V limit for z = 2073110
End cycle  36300, time = 6.26968e-01, dt = 2.47421e-05, wall = 2.91161e-01
dt limiter: Hydro dV/V limit for z = 2073110
End cycle  36400, time = 6.29454e-01, dt = 2.71514e-05, wall = 2.89813e-01
dt limiter: Hydro dV/V limit for z = 2073110
End cycle  36500, time = 6.31942e-01, dt = 2.50233e-05, wall = 2.90011e-01
dt limiter: Hydro dV/V limit for z = 2073110
End cycle  36600, time = 6.34432e-01, dt = 2.38556e-05, wall = 2.98337e-01
dt limiter: Hydro dV/V limit for z = 2073110
End cycle  36700, time = 6.36925e-01, dt = 2.37299e-05, wall = 2.89787e-01
dt limiter: Hydro dV/V limit for z = 2073110
End cycle  36800, time = 6.39422e-01, dt = 2.49612e-05, wall = 2.88996e-01
dt limiter: Hydro dV/V limit for z = 2073110
End cycle  36900, time = 6.41927e-01, dt = 2.72952e-05, wall = 2.89878e-01
dt limiter: Hydro dV/V limit for z = 2073110
End cycle  37000, time = 6.44432e-01, dt = 2.51735e-05, wall = 2.89646e-01
dt limiter: Hydro dV/V limit for z = 2073110
End cycle  37100, time = 6.46940e-01, dt = 2.40156e-05, wall = 2.90507e-01
dt limiter: Hydro dV/V limit for z = 2073110
End cycle  37200, time = 6.49451e-01, dt = 2.39098e-05, wall = 2.89803e-01
dt limiter: Hydro dV/V limit for z = 2073110
End cycle  37300, time = 6.51967e-01, dt = 2.51844e-05, wall = 3.04890e-01
dt limiter: Hydro dV/V limit for z = 2073110
End cycle  37400, time = 6.54490e-01, dt = 2.74378e-05, wall = 2.90515e-01
dt limiter: Hydro dV/V limit for z = 2073110
End cycle  37500, time = 6.57013e-01, dt = 2.53194e-05, wall = 2.90217e-01
dt limiter: Hydro dV/V limit for z = 2073110
End cycle  37600, time = 6.59539e-01, dt = 2.41756e-05, wall = 2.90691e-01
dt limiter: Hydro dV/V limit for z = 2073110
End cycle  37700, time = 6.62068e-01, dt = 2.40884e-05, wall = 3.03442e-01
dt limiter: Hydro dV/V limit for z = 2073110
End cycle  37800, time = 6.64602e-01, dt = 2.54004e-05, wall = 2.90420e-01
dt limiter: Hydro dV/V limit for z = 2073110
End cycle  37900, time = 6.67142e-01, dt = 2.75883e-05, wall = 2.89877e-01
dt limiter: Hydro dV/V limit for z = 2073110
End cycle  38000, time = 6.69684e-01, dt = 2.54672e-05, wall = 2.89881e-01
dt limiter: Hydro dV/V limit for z = 2073110
End cycle  38100, time = 6.72228e-01, dt = 2.43350e-05, wall = 2.90304e-01
dt limiter: Hydro dV/V limit for z = 2073110
End cycle  38200, time = 6.74774e-01, dt = 2.42672e-05, wall = 2.90557e-01
dt limiter: Hydro dV/V limit for z = 2073110
End cycle  38300, time = 6.77326e-01, dt = 2.56229e-05, wall = 2.90052e-01
dt limiter: Hydro dV/V limit for z = 2073110
End cycle  38400, time = 6.79885e-01, dt = 2.77306e-05, wall = 2.90902e-01
dt limiter: Hydro dV/V limit for z = 2073110
End cycle  38500, time = 6.82444e-01, dt = 2.56115e-05, wall = 2.90471e-01
dt limiter: Hydro dV/V limit for z = 2073110
End cycle  38600, time = 6.85006e-01, dt = 2.44946e-05, wall = 2.93730e-01
dt limiter: Hydro dV/V limit for z = 2073110
End cycle  38700, time = 6.87570e-01, dt = 2.44442e-05, wall = 2.90267e-01
dt limiter: Hydro dV/V limit for z = 2073110
End cycle  38800, time = 6.90139e-01, dt = 2.58423e-05, wall = 2.90192e-01
dt limiter: Hydro dV/V limit for z = 2073110
End cycle  38900, time = 6.92716e-01, dt = 2.78797e-05, wall = 2.90322e-01
dt limiter: Hydro dV/V limit for z = 2073110
End cycle  39000, time = 6.95293e-01, dt = 2.57604e-05, wall = 2.92085e-01
dt limiter: Hydro dV/V limit for z = 2073110
End cycle  39100, time = 6.97872e-01, dt = 2.46548e-05, wall = 2.89682e-01
dt limiter: Hydro dV/V limit for z = 2073110
End cycle  39200, time = 7.00454e-01, dt = 2.46206e-05, wall = 2.89925e-01
dt limiter: Hydro dV/V limit for z = 2073110
End cycle  39300, time = 7.03042e-01, dt = 2.60644e-05, wall = 2.92432e-01
dt limiter: Hydro dV/V limit for z = 2073110
End cycle  39400, time = 7.05636e-01, dt = 2.80228e-05, wall = 2.89745e-01
dt limiter: Hydro dV/V limit for z = 2073110
End cycle  39500, time = 7.08231e-01, dt = 2.59053e-05, wall = 2.90404e-01
dt limiter: Hydro dV/V limit for z = 2073110
End cycle  39600, time = 7.10828e-01, dt = 2.48133e-05, wall = 2.90786e-01
dt limiter: Hydro dV/V limit for z = 2073110
End cycle  39700, time = 7.13427e-01, dt = 2.47979e-05, wall = 2.91049e-01
dt limiter: Hydro dV/V limit for z = 2073110
End cycle  39800, time = 7.16032e-01, dt = 2.62869e-05, wall = 3.04985e-01
dt limiter: Hydro dV/V limit for z = 2073110
End cycle  39900, time = 7.18644e-01, dt = 2.81719e-05, wall = 2.90027e-01
dt limiter: Hydro dV/V limit for z = 2073110
End cycle  40000, time = 7.21256e-01, dt = 2.60561e-05, wall = 2.90230e-01
dt limiter: Hydro dV/V limit for z = 2073110
End cycle  40100, time = 7.23871e-01, dt = 2.49730e-05, wall = 2.90853e-01
dt limiter: Hydro dV/V limit for z = 2073110
End cycle  40200, time = 7.26488e-01, dt = 2.49734e-05, wall = 2.90767e-01
dt limiter: Hydro dV/V limit for z = 2073110
End cycle  40300, time = 7.29111e-01, dt = 2.65035e-05, wall = 2.90784e-01
dt limiter: Hydro dV/V limit for z = 2073110
End cycle  40400, time = 7.31740e-01, dt = 2.83231e-05, wall = 3.03394e-01
dt limiter: Hydro dV/V limit for z = 2073110
End cycle  40500, time = 7.34370e-01, dt = 2.62061e-05, wall = 2.91256e-01
dt limiter: Hydro dV/V limit for z = 2073110
End cycle  40600, time = 7.37002e-01, dt = 2.51315e-05, wall = 2.91080e-01
dt limiter: Hydro dV/V limit for z = 2073110
End cycle  40700, time = 7.39637e-01, dt = 2.51499e-05, wall = 2.90996e-01
dt limiter: Hydro dV/V limit for z = 2073110
End cycle  40800, time = 7.42277e-01, dt = 2.67263e-05, wall = 2.90673e-01
dt limiter: Hydro dV/V limit for z = 2073110
End cycle  40900, time = 7.44924e-01, dt = 2.84708e-05, wall = 2.91691e-01
dt limiter: Hydro dV/V limit for z = 2073110
End cycle  41000, time = 7.47571e-01, dt = 2.63515e-05, wall = 3.00846e-01
dt limiter: Hydro dV/V limit for z = 2073110
End cycle  41100, time = 7.50221e-01, dt = 2.52893e-05, wall = 2.91298e-01
dt limiter: Hydro dV/V limit for z = 2073110
End cycle  41200, time = 7.52873e-01, dt = 2.53246e-05, wall = 2.91582e-01
dt limiter: Hydro dV/V limit for z = 2073110
End cycle  41300, time = 7.55531e-01, dt = 2.69391e-05, wall = 2.91172e-01
dt limiter: Hydro dV/V limit for z = 2073110
End cycle  41400, time = 7.58195e-01, dt = 2.86277e-05, wall = 2.91391e-01
dt limiter: Hydro dV/V limit for z = 2073110
End cycle  41500, time = 7.60860e-01, dt = 2.65018e-05, wall = 2.91100e-01
dt limiter: Hydro dV/V limit for z = 2073110
End cycle  41600, time = 7.63526e-01, dt = 2.54480e-05, wall = 2.91127e-01
dt limiter: Hydro dV/V limit for z = 2073110
End cycle  41700, time = 7.66196e-01, dt = 2.54980e-05, wall = 2.91363e-01
dt limiter: Hydro dV/V limit for z = 2073110
End cycle  41800, time = 7.68871e-01, dt = 2.71497e-05, wall = 2.92988e-01
dt limiter: Hydro dV/V limit for z = 2073110
End cycle  41900, time = 7.71553e-01, dt = 2.87837e-05, wall = 2.91303e-01
dt limiter: Hydro dV/V limit for z = 2073110
End cycle  42000, time = 7.74235e-01, dt = 2.66498e-05, wall = 2.91308e-01
dt limiter: Hydro dV/V limit for z = 2073110
End cycle  42100, time = 7.76919e-01, dt = 2.56051e-05, wall = 2.91969e-01
dt limiter: Hydro dV/V limit for z = 2073110
End cycle  42200, time = 7.79606e-01, dt = 2.56723e-05, wall = 2.92471e-01
dt limiter: Hydro dV/V limit for z = 2073110
End cycle  42300, time = 7.82298e-01, dt = 2.73692e-05, wall = 2.92840e-01
dt limiter: Hydro dV/V limit for z = 2073110
End cycle  42400, time = 7.84997e-01, dt = 2.89332e-05, wall = 2.92365e-01
dt limiter: Hydro dV/V limit for z = 2073110
End cycle  42500, time = 7.87696e-01, dt = 2.67955e-05, wall = 2.92318e-01
dt limiter: Hydro dV/V limit for z = 2073110
End cycle  42600, time = 7.90397e-01, dt = 2.57626e-05, wall = 2.92501e-01
dt limiter: Hydro dV/V limit for z = 2073110
End cycle  42700, time = 7.93102e-01, dt = 2.58442e-05, wall = 2.92610e-01
dt limiter: Hydro dV/V limit for z = 2073110
End cycle  42800, time = 7.95811e-01, dt = 2.75813e-05, wall = 2.92583e-01
dt limiter: Hydro dV/V limit for z = 2073110
End cycle  42900, time = 7.98527e-01, dt = 2.90901e-05, wall = 2.92232e-01
dt limiter: Hydro dV/V limit for z = 2073110
End cycle  43000, time = 8.01244e-01, dt = 2.69468e-05, wall = 2.92815e-01
dt limiter: Hydro dV/V limit for z = 2073110
End cycle  43100, time = 8.03962e-01, dt = 2.59209e-05, wall = 2.92328e-01
dt limiter: Hydro dV/V limit for z = 2073110
End cycle  43200, time = 8.06683e-01, dt = 2.60144e-05, wall = 2.92720e-01
dt limiter: Hydro dV/V limit for z = 2073110
End cycle  43300, time = 8.09410e-01, dt = 2.77893e-05, wall = 2.92767e-01
dt limiter: Hydro dV/V limit for z = 2073110
End cycle  43400, time = 8.12143e-01, dt = 2.92480e-05, wall = 2.91786e-01
dt limiter: Hydro dV/V limit for z = 2073110
End cycle  43500, time = 8.14877e-01, dt = 2.70976e-05, wall = 2.92469e-01
dt limiter: Hydro dV/V limit for z = 2073110
End cycle  43600, time = 8.17612e-01, dt = 2.60783e-05, wall = 2.92151e-01
dt limiter: Hydro dV/V limit for z = 2073110
End cycle  43700, time = 8.20351e-01, dt = 2.61848e-05, wall = 2.93321e-01
dt limiter: Hydro dV/V limit for z = 2073110
End cycle  43800, time = 8.23095e-01, dt = 2.80032e-05, wall = 2.91635e-01
dt limiter: Hydro dV/V limit for z = 2073110
End cycle  43900, time = 8.25845e-01, dt = 2.93996e-05, wall = 2.92640e-01
dt limiter: Hydro dV/V limit for z = 2073110
End cycle  44000, time = 8.28595e-01, dt = 2.72445e-05, wall = 2.92868e-01
dt limiter: Hydro dV/V limit for z = 2073110
End cycle  44100, time = 8.31348e-01, dt = 2.62339e-05, wall = 2.91532e-01
dt limiter: Hydro dV/V limit for z = 2073110
End cycle  44200, time = 8.34103e-01, dt = 2.63560e-05, wall = 2.92800e-01
dt limiter: Hydro dV/V limit for z = 2073110
End cycle  44300, time = 8.36864e-01, dt = 2.82166e-05, wall = 2.91664e-01
dt limiter: Hydro dV/V limit for z = 2073110
End cycle  44400, time = 8.39631e-01, dt = 2.95558e-05, wall = 2.92646e-01
dt limiter: Hydro dV/V limit for z = 2073110
End cycle  44500, time = 8.42399e-01, dt = 2.73965e-05, wall = 2.92995e-01
dt limiter: Hydro dV/V limit for z = 2073110
End cycle  44600, time = 8.45168e-01, dt = 2.63903e-05, wall = 2.92691e-01
dt limiter: Hydro dV/V limit for z = 2073110
End cycle  44700, time = 8.47940e-01, dt = 2.65244e-05, wall = 2.91955e-01
dt limiter: Hydro dV/V limit for z = 2073110
End cycle  44800, time = 8.50719e-01, dt = 2.84193e-05, wall = 2.93733e-01
dt limiter: Hydro dV/V limit for z = 2073110
End cycle  44900, time = 8.53502e-01, dt = 2.97171e-05, wall = 2.93020e-01
dt limiter: Hydro dV/V limit for z = 2073110
End cycle  45000, time = 8.56287e-01, dt = 2.75509e-05, wall = 2.93006e-01
dt limiter: Hydro dV/V limit for z = 2073110
End cycle  45100, time = 8.59073e-01, dt = 2.65469e-05, wall = 2.92249e-01
dt limiter: Hydro dV/V limit for z = 2073110
End cycle  45200, time = 8.61862e-01, dt = 2.66915e-05, wall = 2.92611e-01
dt limiter: Hydro dV/V limit for z = 2073110
End cycle  45300, time = 8.64657e-01, dt = 2.86193e-05, wall = 2.93316e-01
dt limiter: Hydro dV/V limit for z = 2073110
End cycle  45400, time = 8.67458e-01, dt = 2.98785e-05, wall = 3.05878e-01
dt limiter: Hydro dV/V limit for z = 2073110
End cycle  45500, time = 8.70259e-01, dt = 2.77048e-05, wall = 2.92969e-01
dt limiter: Hydro dV/V limit for z = 2073110
End cycle  45600, time = 8.73062e-01, dt = 2.67028e-05, wall = 2.91975e-01
dt limiter: Hydro dV/V limit for z = 2073110
End cycle  45700, time = 8.75868e-01, dt = 2.68586e-05, wall = 2.91793e-01
dt limiter: Hydro dV/V limit for z = 2073110
End cycle  45800, time = 8.78680e-01, dt = 2.88228e-05, wall = 2.92963e-01
dt limiter: Hydro dV/V limit for z = 2073110
End cycle  45900, time = 8.81498e-01, dt = 3.00358e-05, wall = 2.92660e-01
dt limiter: Hydro dV/V limit for z = 2073110
End cycle  46000, time = 8.84316e-01, dt = 2.78549e-05, wall = 2.92437e-01
dt limiter: Hydro dV/V limit for z = 2073110
End cycle  46100, time = 8.87136e-01, dt = 2.68570e-05, wall = 2.92827e-01
dt limiter: Hydro dV/V limit for z = 2073110
End cycle  46200, time = 8.89958e-01, dt = 2.70269e-05, wall = 2.91580e-01
dt limiter: Hydro dV/V limit for z = 2073110
End cycle  46300, time = 8.92787e-01, dt = 2.90302e-05, wall = 2.92092e-01
dt limiter: Hydro dV/V limit for z = 2073110
End cycle  46400, time = 8.95621e-01, dt = 3.01884e-05, wall = 2.91727e-01
dt limiter: Hydro dV/V limit for z = 2073110
End cycle  46500, time = 8.98456e-01, dt = 2.80044e-05, wall = 2.91324e-01
dt limiter: Hydro dV/V limit for z = 2073110
End cycle  46600, time = 9.01293e-01, dt = 2.70115e-05, wall = 2.92596e-01
dt limiter: Hydro dV/V limit for z = 2073110
End cycle  46700, time = 9.04132e-01, dt = 2.71926e-05, wall = 2.91925e-01
dt limiter: Hydro dV/V limit for z = 2073110
End cycle  46800, time = 9.06978e-01, dt = 2.92257e-05, wall = 2.92543e-01
dt limiter: Hydro dV/V limit for z = 2073110
End cycle  46900, time = 9.09828e-01, dt = 3.03480e-05, wall = 2.92045e-01
dt limiter: Hydro dV/V limit for z = 2073110
End cycle  47000, time = 9.12680e-01, dt = 2.81580e-05, wall = 2.91770e-01
dt limiter: Hydro dV/V limit for z = 2073110
End cycle  47100, time = 9.15533e-01, dt = 2.71667e-05, wall = 2.92966e-01
dt limiter: Hydro dV/V limit for z = 2073110
End cycle  47200, time = 9.18389e-01, dt = 2.73561e-05, wall = 2.92351e-01
dt limiter: Hydro dV/V limit for z = 2073110
End cycle  47300, time = 9.21251e-01, dt = 2.94148e-05, wall = 2.91833e-01
dt limiter: Hydro dV/V limit for z = 2073110
End cycle  47400, time = 9.24118e-01, dt = 3.05110e-05, wall = 2.91999e-01
dt limiter: Hydro dV/V limit for z = 2073110
End cycle  47500, time = 9.26986e-01, dt = 2.83133e-05, wall = 3.07212e-01
dt limiter: Hydro dV/V limit for z = 2073110
End cycle  47600, time = 9.29856e-01, dt = 2.73219e-05, wall = 2.92407e-01
dt limiter: Hydro dV/V limit for z = 2073110
End cycle  47700, time = 9.32728e-01, dt = 2.75183e-05, wall = 2.92492e-01
dt limiter: Hydro dV/V limit for z = 2073110
End cycle  47800, time = 9.35607e-01, dt = 2.96007e-05, wall = 2.93107e-01
dt limiter: Hydro dV/V limit for z = 2073110
End cycle  47900, time = 9.38491e-01, dt = 3.06752e-05, wall = 2.93410e-01
dt limiter: Hydro dV/V limit for z = 2073110
End cycle  48000, time = 9.41376e-01, dt = 2.84688e-05, wall = 2.91917e-01
dt limiter: Hydro dV/V limit for z = 2073110
End cycle  48100, time = 9.44262e-01, dt = 2.74767e-05, wall = 3.03346e-01
dt limiter: Hydro dV/V limit for z = 2073110
End cycle  48200, time = 9.47151e-01, dt = 2.76798e-05, wall = 3.07919e-01
dt limiter: Hydro dV/V limit for z = 2073110
End cycle  48300, time = 9.50046e-01, dt = 2.97853e-05, wall = 2.93195e-01
dt limiter: Hydro dV/V limit for z = 2073110
End cycle  48400, time = 9.52947e-01, dt = 3.08391e-05, wall = 3.07568e-01
dt limiter: Hydro dV/V limit for z = 2073110
End cycle  48500, time = 9.55848e-01, dt = 2.86239e-05, wall = 2.93615e-01
dt limiter: Hydro dV/V limit for z = 2073110
End cycle  48600, time = 9.58750e-01, dt = 2.76310e-05, wall = 2.93557e-01
dt limiter: Hydro dV/V limit for z = 2073110
End cycle  48700, time = 9.61656e-01, dt = 2.78407e-05, wall = 2.93304e-01
dt limiter: Hydro dV/V limit for z = 2073110
End cycle  48800, time = 9.64567e-01, dt = 2.99702e-05, wall = 2.95316e-01
dt limiter: Hydro dV/V limit for z = 2073110
End cycle  48900, time = 9.67484e-01, dt = 3.10014e-05, wall = 2.93887e-01
dt limiter: Hydro dV/V limit for z = 2073110
End cycle  49000, time = 9.70402e-01, dt = 2.87775e-05, wall = 2.95481e-01
dt limiter: Hydro dV/V limit for z = 2073110
End cycle  49100, time = 9.73321e-01, dt = 2.77844e-05, wall = 3.10120e-01
dt limiter: Hydro dV/V limit for z = 2073110
End cycle  49200, time = 9.76242e-01, dt = 2.80019e-05, wall = 2.94276e-01
dt limiter: Hydro dV/V limit for z = 2073110
End cycle  49300, time = 9.79171e-01, dt = 3.01580e-05, wall = 2.94720e-01
dt limiter: Hydro dV/V limit for z = 2073110
End cycle  49400, time = 9.82104e-01, dt = 3.11600e-05, wall = 2.95143e-01
dt limiter: Hydro dV/V limit for z = 2073110
End cycle  49500, time = 9.85038e-01, dt = 2.89283e-05, wall = 2.94055e-01
dt limiter: Hydro dV/V limit for z = 2073110
End cycle  49600, time = 9.87973e-01, dt = 2.79366e-05, wall = 2.94209e-01
dt limiter: Hydro dV/V limit for z = 2073110
End cycle  49700, time = 9.90911e-01, dt = 2.81640e-05, wall = 2.93912e-01
dt limiter: Hydro dV/V limit for z = 2073110
End cycle  49800, time = 9.93856e-01, dt = 3.03508e-05, wall = 2.93535e-01
dt limiter: Hydro dV/V limit for z = 2073110
End cycle  49900, time = 9.96805e-01, dt = 3.13158e-05, wall = 2.95316e-01
dt limiter: Hydro dV/V limit for z = 2073110
End cycle  50000, time = 9.99756e-01, dt = 2.90791e-05, wall = 2.93247e-01
dt limiter: Hydro dV/V limit for z = 2073110

Run complete
Zones: 66355200
cycle =  50009,         cstop = 999999
time  =   1.000000e+00, tstop =   1.000000e+00

*************************************
hydro cycle run time =   1.433642e+02
FOM =                    2.314634e+10
*************************************
timer stats:
Kernels, gpuMain1, 5.64 seconds
Kernels, gpuMain2, 45.84 seconds
Kernels, gpuMain3a, 0.83 seconds
Kernels, gpuMain3b, 28.70 seconds
Kernels, gpuMain4, 34.00 seconds
Kernels, gpuMain5, 3.96 seconds
Kernels, localReduceToPoints, 1.02 seconds
Kernels, reduceToMasterPoints, 0.69 seconds
Total time for Kernels: 120.69 seconds
MPI, Allreduce, 0.80 seconds
MPI, Barrier, 13.58 seconds
MPI, parallelGather, 1.57 seconds
MPI, parallelScatter, 1.30 seconds
Total time for MPI: 17.24 seconds
MPI device overhead, copyMPIBuffersToSlavePointData_kernel, 0.22 seconds
MPI device overhead, copyPointValuesToProxies, 0.60 seconds
MPI device overhead, copySlavePointDataToMPIBuffers_kernel, 0.18 seconds
Total time for MPI device overhead: 1.01 seconds
Other, Hydro::doCycle after hydroDoCycle, 0.06 seconds
Other, Periodic report printing, 0.01 seconds
Other, copy dtnext values, 0.01 seconds
Other, hydro->getData(), 0.02 seconds
Other, meshCheckBadSides, 0.00 seconds
Total time for Other: 0.09 seconds
Others, fill_ordered_points, 0.48 seconds
Total time for Others: 0.48 seconds
Total time for all timer groups: 139.51 seconds
Energy check:  total energy  =   9.871670e-01
(internal =   7.631237e-01, kinetic =   2.240433e-01)
